#
# There is insufficient memory for the Java Runtime Environment to continue.
# Native memory allocation (mmap) failed to map 138412032 bytes for G1 virtual space
# Possible reasons:
#   The system is out of physical RAM or swap space
#   The process is running with CompressedOops enabled, and the Java Heap may be blocking the growth of the native heap
# Possible solutions:
#   Reduce memory load on the system
#   Increase physical memory or swap space
#   Check if swap backing store is full
#   Decrease Java heap size (-Xmx/-Xms)
#   Decrease number of Java threads
#   Decrease Java thread stack sizes (-Xss)
#   Set larger code cache with -XX:ReservedCodeCacheSize=
#   JVM is running with Zero Based Compressed Oops mode in which the Java heap is
#     placed in the first 32GB address space. The Java Heap base address is the
#     maximum limit for the native heap growth. Please use -XX:HeapBaseMinAddress
#     to set the Java Heap base and to place the Java Heap above 32GB virtual address.
# This output file may be truncated or incomplete.
#
#  Out of Memory Error (os_windows.cpp:3548), pid=23152, tid=19860
#
# JRE version: Java(TM) SE Runtime Environment (17.0.10+11) (build 17.0.10+11-LTS-240)
# Java VM: Java HotSpot(TM) 64-Bit Server VM (17.0.10+11-LTS-240, mixed mode, sharing, tiered, compressed oops, compressed class ptrs, g1 gc, windows-amd64)
# No core dump will be written. Minidumps are not enabled by default on client versions of Windows
#

---------------  S U M M A R Y ------------

Command Line: --module-path=C:\Users\HP\Desktop\InnovatixPiDevJava\target\classes;C:\Users\HP\.m2\repository\org\openjfx\javafx-base\21.0.2\javafx-base-21.0.2-win.jar;C:\Users\HP\.m2\repository\org\openjfx\javafx-controls\21.0.2\javafx-controls-21.0.2-win.jar;C:\Users\HP\.m2\repository\org\openjfx\javafx-fxml\21.0.2\javafx-fxml-21.0.2-win.jar;C:\Users\HP\.m2\repository\org\openjfx\javafx-graphics\21.0.2\javafx-graphics-21.0.2-win.jar --add-modules=workshoppidev.JavaFX -Djdk.module.main=workshoppidev.JavaFX workshoppidev.JavaFX/tests.MainFX

Host: 12th Gen Intel(R) Core(TM) i7-12700H, 20 cores, 31G,  Windows 11 , 64 bit Build 22621 (10.0.22621.3374)
Time: Thu Apr 25 02:24:37 2024 Afr. centrale Ouest elapsed time: 9.110233 seconds (0d 0h 0m 9s)

---------------  T H R E A D  ---------------

Current thread (0x0000015a6727eda0):  VMThread "VM Thread" [stack: 0x00000049adf00000,0x00000049ae000000] [id=19860]

Stack: [0x00000049adf00000,0x00000049ae000000]
Native frames: (J=compiled Java code, j=interpreted, Vv=VM code, C=native code)
V  [jvm.dll+0x677a5a]
V  [jvm.dll+0x7d8b2d]
V  [jvm.dll+0x7da48e]
V  [jvm.dll+0x7daaf3]
V  [jvm.dll+0x2455ff]
V  [jvm.dll+0x6749b9]
V  [jvm.dll+0x669382]
V  [jvm.dll+0x302e96]
V  [jvm.dll+0x30a416]
V  [jvm.dll+0x359cbe]
V  [jvm.dll+0x359eef]
V  [jvm.dll+0x2d9e88]
V  [jvm.dll+0x2dcf26]
V  [jvm.dll+0x2e7728]
V  [jvm.dll+0x31b3a0]
V  [jvm.dll+0x7df30b]
V  [jvm.dll+0x7e0044]
V  [jvm.dll+0x7e055d]
V  [jvm.dll+0x7e0934]
V  [jvm.dll+0x7e0a00]
V  [jvm.dll+0x78888a]
V  [jvm.dll+0x676935]
C  [ucrtbase.dll+0x29333]
C  [KERNEL32.DLL+0x1257d]
C  [ntdll.dll+0x5aa48]

VM_Operation (0x00000049adbff650): G1Concurrent, mode: safepoint, requested by thread 0x0000015a3abcd5d0


---------------  P R O C E S S  ---------------

Threads class SMR info:
_java_thread_list=0x0000015abf0b8c80, length=24, elements={
0x0000015a3ab10740, 0x0000015a672849b0, 0x0000015a67285830, 0x0000015a6729a870,
0x0000015a6729b430, 0x0000015a6729df00, 0x0000015a6729e8c0, 0x0000015a672a8090,
0x0000015aa908a070, 0x0000015aa908aa70, 0x0000015aa9114eb0, 0x0000015aa9167e50,
0x0000015aa928c880, 0x0000015aa98c6f30, 0x0000015aa95c4de0, 0x0000015aae07ce40,
0x0000015aae73c730, 0x0000015aae7733d0, 0x0000015aae92b310, 0x0000015ab69e5350,
0x0000015ab69e85f0, 0x0000015ab69e71b0, 0x0000015ab947a140, 0x0000015ab69e76c0
}

Java Threads: ( => current thread )
  0x0000015a3ab10740 JavaThread "main" [_thread_blocked, id=4800, stack(0x00000049ad900000,0x00000049ada00000)]
  0x0000015a672849b0 JavaThread "Reference Handler" daemon [_thread_blocked, id=14352, stack(0x00000049ae000000,0x00000049ae100000)]
  0x0000015a67285830 JavaThread "Finalizer" daemon [_thread_blocked, id=22180, stack(0x00000049ae100000,0x00000049ae200000)]
  0x0000015a6729a870 JavaThread "Signal Dispatcher" daemon [_thread_blocked, id=13504, stack(0x00000049ae200000,0x00000049ae300000)]
  0x0000015a6729b430 JavaThread "Attach Listener" daemon [_thread_blocked, id=20268, stack(0x00000049ae300000,0x00000049ae400000)]
  0x0000015a6729df00 JavaThread "Service Thread" daemon [_thread_blocked, id=21528, stack(0x00000049ae400000,0x00000049ae500000)]
  0x0000015a6729e8c0 JavaThread "Monitor Deflation Thread" daemon [_thread_blocked, id=19696, stack(0x00000049ae500000,0x00000049ae600000)]
  0x0000015a672a8090 JavaThread "C2 CompilerThread0" daemon [_thread_blocked, id=19452, stack(0x00000049ae600000,0x00000049ae700000)]
  0x0000015aa908a070 JavaThread "C1 CompilerThread0" daemon [_thread_blocked, id=19704, stack(0x00000049ae700000,0x00000049ae800000)]
  0x0000015aa908aa70 JavaThread "Sweeper thread" daemon [_thread_blocked, id=3972, stack(0x00000049ae800000,0x00000049ae900000)]
  0x0000015aa9114eb0 JavaThread "C1 CompilerThread1" daemon [_thread_blocked, id=1364, stack(0x00000049ae900000,0x00000049aea00000)]
  0x0000015aa9167e50 JavaThread "Common-Cleaner" daemon [_thread_blocked, id=5408, stack(0x00000049aea00000,0x00000049aeb00000)]
  0x0000015aa928c880 JavaThread "C1 CompilerThread2" daemon [_thread_blocked, id=3756, stack(0x00000049aed00000,0x00000049aee00000)]
  0x0000015aa98c6f30 JavaThread "Notification Thread" daemon [_thread_blocked, id=3848, stack(0x00000049af100000,0x00000049af200000)]
  0x0000015aa95c4de0 JavaThread "QuantumRenderer-0" daemon [_thread_blocked, id=9376, stack(0x00000049af300000,0x00000049af400000)]
  0x0000015aae07ce40 JavaThread "InvokeLaterDispatcher" daemon [_thread_blocked, id=8048, stack(0x00000049af800000,0x00000049af900000)]
  0x0000015aae73c730 JavaThread "JavaFX Application Thread" [_thread_blocked, id=3664, stack(0x00000049af900000,0x00000049afa00000)]
  0x0000015aae7733d0 JavaThread "JavaFX-Launcher" [_thread_blocked, id=22600, stack(0x00000049afc00000,0x00000049afd00000)]
  0x0000015aae92b310 JavaThread "Thread-2" daemon [_thread_blocked, id=22124, stack(0x00000049afb00000,0x00000049afc00000)]
  0x0000015ab69e5350 JavaThread "Prism Font Disposer" daemon [_thread_blocked, id=21876, stack(0x00000049b0800000,0x00000049b0900000)]
  0x0000015ab69e85f0 JavaThread "Keep-Alive-Timer" daemon [_thread_blocked, id=12928, stack(0x00000049aeb00000,0x00000049aec00000)]
  0x0000015ab69e71b0 JavaThread "mysql-cj-abandoned-connection-cleanup" daemon [_thread_blocked, id=23376, stack(0x00000049aec00000,0x00000049aed00000)]
  0x0000015ab947a140 JavaThread "C1 CompilerThread3" daemon [_thread_blocked, id=16444, stack(0x00000049b1700000,0x00000049b1800000)]
  0x0000015ab69e76c0 JavaThread "Cleaner-0" daemon [_thread_blocked, id=19500, stack(0x00000049b1f00000,0x00000049b2000000)]

Other Threads:
=>0x0000015a6727eda0 VMThread "VM Thread" [stack: 0x00000049adf00000,0x00000049ae000000] [id=19860]
  0x0000015a3ab115c0 WatcherThread [stack: 0x00000049af200000,0x00000049af300000] [id=21336]
  0x0000015a3abbc900 GCTaskThread "GC Thread#0" [stack: 0x00000049ada00000,0x00000049adb00000] [id=956]
  0x0000015aae775a80 GCTaskThread "GC Thread#1" [stack: 0x00000049afd00000,0x00000049afe00000] [id=22760]
  0x0000015aae7765e0 GCTaskThread "GC Thread#2" [stack: 0x00000049afe00000,0x00000049aff00000] [id=21308]
  0x0000015aae98d150 GCTaskThread "GC Thread#3" [stack: 0x00000049aff00000,0x00000049b0000000] [id=11408]
  0x0000015aae980e00 GCTaskThread "GC Thread#4" [stack: 0x00000049b0000000,0x00000049b0100000] [id=13860]
  0x0000015aae9810c0 GCTaskThread "GC Thread#5" [stack: 0x00000049b0100000,0x00000049b0200000] [id=14572]
  0x0000015aae981b90 GCTaskThread "GC Thread#6" [stack: 0x00000049b0200000,0x00000049b0300000] [id=14876]
  0x0000015aae981e50 GCTaskThread "GC Thread#7" [stack: 0x00000049b0300000,0x00000049b0400000] [id=6220]
  0x0000015aae9831c0 GCTaskThread "GC Thread#8" [stack: 0x00000049b0400000,0x00000049b0500000] [id=22800]
  0x0000015aae983480 GCTaskThread "GC Thread#9" [stack: 0x00000049b0500000,0x00000049b0600000] [id=14852]
  0x0000015aae982980 GCTaskThread "GC Thread#10" [stack: 0x00000049b0600000,0x00000049b0700000] [id=5716]
  0x0000015aae982f00 GCTaskThread "GC Thread#11" [stack: 0x00000049b0700000,0x00000049b0800000] [id=12092]
  0x0000015aae984240 GCTaskThread "GC Thread#12" [stack: 0x00000049b0b00000,0x00000049b0c00000] [id=12512]
  0x0000015aae983a00 GCTaskThread "GC Thread#13" [stack: 0x00000049aee00000,0x00000049aef00000] [id=15780]
  0x0000015aae984500 GCTaskThread "GC Thread#14" [stack: 0x00000049aef00000,0x00000049af000000] [id=6228]
  0x0000015a3abcd5d0 ConcurrentGCThread "G1 Main Marker" [stack: 0x00000049adb00000,0x00000049adc00000] [id=20064]
  0x0000015a3abcf3f0 ConcurrentGCThread "G1 Conc#0" [stack: 0x00000049adc00000,0x00000049add00000] [id=21716]
  0x0000015aae982c40 ConcurrentGCThread "G1 Conc#1" [stack: 0x00000049b1300000,0x00000049b1400000] [id=21124]
  0x0000015ab961b3b0 ConcurrentGCThread "G1 Conc#2" [stack: 0x00000049b1400000,0x00000049b1500000] [id=15648]
  0x0000015ab9619af0 ConcurrentGCThread "G1 Conc#3" [stack: 0x00000049b1500000,0x00000049b1600000] [id=23456]
  0x0000015a671b9870 ConcurrentGCThread "G1 Refine#0" [stack: 0x00000049add00000,0x00000049ade00000] [id=5024]
  0x0000015ab71c5db0 ConcurrentGCThread "G1 Refine#1" [stack: 0x00000049b0c00000,0x00000049b0d00000] [id=5580]
  0x0000015ab71c60a0 ConcurrentGCThread "G1 Refine#2" [stack: 0x00000049b0d00000,0x00000049b0e00000] [id=1664]
  0x0000015ab71c6c60 ConcurrentGCThread "G1 Refine#3" [stack: 0x00000049b0e00000,0x00000049b0f00000] [id=20644]
  0x0000015ab71c51f0 ConcurrentGCThread "G1 Refine#4" [stack: 0x00000049b0f00000,0x00000049b1000000] [id=19072]
  0x0000015a671ba2a0 ConcurrentGCThread "G1 Service" [stack: 0x00000049ade00000,0x00000049adf00000] [id=19200]

Threads with active compile tasks:

VM state: at safepoint (normal execution)

VM Mutex/Monitor currently owned by a thread:  ([mutex/lock_event])
[0x0000015a3ab0cd60] Threads_lock - owner thread: 0x0000015a6727eda0
[0x0000015a3ab0bec0] Heap_lock - owner thread: 0x0000015a3abcd5d0

Heap address: 0x0000000605000000, size: 8112 MB, Compressed Oops mode: Zero based, Oop shift amount: 3

CDS archive(s) mapped at: [0x0000015a68000000-0x0000015a68bd0000-0x0000015a68bd0000), size 12386304, SharedBaseAddress: 0x0000015a68000000, ArchiveRelocationMode: 1.
Compressed class space mapped at: 0x0000015a69000000-0x0000015aa9000000, reserved size: 1073741824
Narrow klass base: 0x0000015a68000000, Narrow klass shift: 0, Narrow klass range: 0x100000000

GC Precious Log:
 CPUs: 20 total, 20 available
 Memory: 32435M
 Large Page Support: Disabled
 NUMA Support: Disabled
 Compressed Oops: Enabled (Zero based)
 Heap Region Size: 4M
 Heap Min Capacity: 8M
 Heap Initial Capacity: 508M
 Heap Max Capacity: 8112M
 Pre-touch: Disabled
 Parallel Workers: 15
 Concurrent Workers: 4
 Concurrent Refinement Workers: 15
 Periodic GC: Disabled

Heap:
 garbage-first heap   total 1007616K, used 673285K [0x0000000605000000, 0x0000000800000000)
  region size 4096K, 9 young (36864K), 5 survivors (20480K)
 Metaspace       used 28296K, committed 28544K, reserved 1114112K
  class space    used 3787K, committed 3904K, reserved 1048576K

Heap Regions: E=young(eden), S=young(survivor), O=old, HS=humongous(starts), HC=humongous(continues), CS=collection set, F=free, OA=open archive, CA=closed archive, TAMS=top-at-mark-start (previous, next)
|   0|0x0000000605000000, 0x0000000605400000, 0x0000000605400000|100%| O|  |TAMS 0x0000000605400000, 0x0000000605000000| Untracked 
|   1|0x0000000605400000, 0x0000000605800000, 0x0000000605800000|100%| O|  |TAMS 0x0000000605800000, 0x0000000605400000| Untracked 
|   2|0x0000000605800000, 0x0000000605bf1400, 0x0000000605c00000| 98%| O|  |TAMS 0x0000000605bf1400, 0x0000000605800000| Untracked 
|   3|0x0000000605c00000, 0x0000000606000000, 0x0000000606000000|100%| O|  |TAMS 0x0000000606000000, 0x0000000605c00000| Updating 
|   4|0x0000000606000000, 0x0000000606400000, 0x0000000606400000|100%| O|  |TAMS 0x0000000606400000, 0x0000000606000000| Updating 
|   5|0x0000000606400000, 0x0000000606800000, 0x0000000606800000|100%| O|  |TAMS 0x0000000606800000, 0x0000000606400000| Updating 
|   6|0x0000000606800000, 0x0000000606c00000, 0x0000000606c00000|100%| O|  |TAMS 0x0000000606c00000, 0x0000000606800000| Updating 
|   7|0x0000000606c00000, 0x0000000607000000, 0x0000000607000000|100%| O|  |TAMS 0x0000000607000000, 0x0000000606c00000| Untracked 
|   8|0x0000000607000000, 0x0000000607400000, 0x0000000607400000|100%| O|  |TAMS 0x0000000607400000, 0x0000000607000000| Untracked 
|   9|0x0000000607400000, 0x0000000607800000, 0x0000000607800000|100%| O|  |TAMS 0x0000000607800000, 0x0000000607400000| Updating 
|  10|0x0000000607800000, 0x0000000607c00000, 0x0000000607c00000|100%| O|  |TAMS 0x0000000607c00000, 0x0000000607800000| Untracked 
|  11|0x0000000607c00000, 0x0000000608000000, 0x0000000608000000|100%| O|  |TAMS 0x0000000608000000, 0x0000000607c00000| Updating 
|  12|0x0000000608000000, 0x0000000608400000, 0x0000000608400000|100%| O|  |TAMS 0x0000000608400000, 0x0000000608000000| Updating 
|  13|0x0000000608400000, 0x0000000608800000, 0x0000000608800000|100%| O|  |TAMS 0x0000000608800000, 0x0000000608400000| Updating 
|  14|0x0000000608800000, 0x0000000608c00000, 0x0000000608c00000|100%| O|  |TAMS 0x0000000608c00000, 0x0000000608800000| Updating 
|  15|0x0000000608c00000, 0x0000000609000000, 0x0000000609000000|100%| O|  |TAMS 0x0000000609000000, 0x0000000608c00000| Updating 
|  16|0x0000000609000000, 0x0000000609400000, 0x0000000609400000|100%| O|  |TAMS 0x0000000609400000, 0x0000000609000000| Updating 
|  17|0x0000000609400000, 0x0000000609800000, 0x0000000609800000|100%| O|  |TAMS 0x0000000609800000, 0x0000000609400000| Updating 
|  18|0x0000000609800000, 0x0000000609c00000, 0x0000000609c00000|100%| O|  |TAMS 0x0000000609c00000, 0x0000000609800000| Untracked 
|  19|0x0000000609c00000, 0x000000060a000000, 0x000000060a000000|100%| O|  |TAMS 0x000000060a000000, 0x0000000609c00000| Untracked 
|  20|0x000000060a000000, 0x000000060a400000, 0x000000060a400000|100%| O|  |TAMS 0x000000060a400000, 0x000000060a000000| Updating 
|  21|0x000000060a400000, 0x000000060a800000, 0x000000060a800000|100%| O|  |TAMS 0x000000060a800000, 0x000000060a400000| Untracked 
|  22|0x000000060a800000, 0x000000060ac00000, 0x000000060ac00000|100%| O|  |TAMS 0x000000060ac00000, 0x000000060a800000| Updating 
|  23|0x000000060ac00000, 0x000000060b000000, 0x000000060b000000|100%| O|  |TAMS 0x000000060b000000, 0x000000060ac00000| Updating 
|  24|0x000000060b000000, 0x000000060b400000, 0x000000060b400000|100%| O|  |TAMS 0x000000060b400000, 0x000000060b000000| Updating 
|  25|0x000000060b400000, 0x000000060b800000, 0x000000060b800000|100%| O|  |TAMS 0x000000060b800000, 0x000000060b400000| Updating 
|  26|0x000000060b800000, 0x000000060bc00000, 0x000000060bc00000|100%| O|  |TAMS 0x000000060bc00000, 0x000000060b800000| Updating 
|  27|0x000000060bc00000, 0x000000060c000000, 0x000000060c000000|100%| O|  |TAMS 0x000000060c000000, 0x000000060bc00000| Updating 
|  28|0x000000060c000000, 0x000000060c400000, 0x000000060c400000|100%| O|  |TAMS 0x000000060c400000, 0x000000060c000000| Updating 
|  29|0x000000060c400000, 0x000000060c800000, 0x000000060c800000|100%| O|  |TAMS 0x000000060c800000, 0x000000060c400000| Updating 
|  30|0x000000060c800000, 0x000000060cc00000, 0x000000060cc00000|100%| O|  |TAMS 0x000000060cc00000, 0x000000060c800000| Updating 
|  31|0x000000060cc00000, 0x000000060d000000, 0x000000060d000000|100%| O|  |TAMS 0x000000060d000000, 0x000000060cc00000| Updating 
|  32|0x000000060d000000, 0x000000060d400000, 0x000000060d400000|100%| O|  |TAMS 0x000000060d400000, 0x000000060d000000| Updating 
|  33|0x000000060d400000, 0x000000060d800000, 0x000000060d800000|100%| O|  |TAMS 0x000000060d800000, 0x000000060d400000| Updating 
|  34|0x000000060d800000, 0x000000060dc00000, 0x000000060dc00000|100%| O|  |TAMS 0x000000060dc00000, 0x000000060d800000| Updating 
|  35|0x000000060dc00000, 0x000000060e000000, 0x000000060e000000|100%| O|  |TAMS 0x000000060e000000, 0x000000060dc00000| Updating 
|  36|0x000000060e000000, 0x000000060e400000, 0x000000060e400000|100%| O|  |TAMS 0x000000060e400000, 0x000000060e000000| Updating 
|  37|0x000000060e400000, 0x000000060e800000, 0x000000060e800000|100%| O|  |TAMS 0x000000060e800000, 0x000000060e400000| Updating 
|  38|0x000000060e800000, 0x000000060ec00000, 0x000000060ec00000|100%| O|  |TAMS 0x000000060ec00000, 0x000000060e800000| Updating 
|  39|0x000000060ec00000, 0x000000060f000000, 0x000000060f000000|100%| O|  |TAMS 0x000000060f000000, 0x000000060ec00000| Updating 
|  40|0x000000060f000000, 0x000000060f400000, 0x000000060f400000|100%| O|  |TAMS 0x000000060f400000, 0x000000060f000000| Updating 
|  41|0x000000060f400000, 0x000000060f800000, 0x000000060f800000|100%| O|  |TAMS 0x000000060f800000, 0x000000060f400000| Updating 
|  42|0x000000060f800000, 0x000000060fc00000, 0x000000060fc00000|100%| O|  |TAMS 0x000000060fc00000, 0x000000060f800000| Updating 
|  43|0x000000060fc00000, 0x0000000610000000, 0x0000000610000000|100%| O|  |TAMS 0x0000000610000000, 0x000000060fc00000| Updating 
|  44|0x0000000610000000, 0x0000000610400000, 0x0000000610400000|100%| O|  |TAMS 0x0000000610400000, 0x0000000610000000| Updating 
|  45|0x0000000610400000, 0x0000000610800000, 0x0000000610800000|100%| O|  |TAMS 0x0000000610800000, 0x0000000610400000| Updating 
|  46|0x0000000610800000, 0x0000000610c00000, 0x0000000610c00000|100%| O|  |TAMS 0x0000000610c00000, 0x0000000610800000| Updating 
|  47|0x0000000610c00000, 0x0000000611000000, 0x0000000611000000|100%| O|  |TAMS 0x0000000611000000, 0x0000000610c00000| Updating 
|  48|0x0000000611000000, 0x0000000611400000, 0x0000000611400000|100%| O|  |TAMS 0x0000000611400000, 0x0000000611000000| Updating 
|  49|0x0000000611400000, 0x0000000611800000, 0x0000000611800000|100%| O|  |TAMS 0x0000000611800000, 0x0000000611400000| Updating 
|  50|0x0000000611800000, 0x0000000611c00000, 0x0000000611c00000|100%| O|  |TAMS 0x0000000611c00000, 0x0000000611800000| Updating 
|  51|0x0000000611c00000, 0x0000000612000000, 0x0000000612000000|100%| O|  |TAMS 0x0000000612000000, 0x0000000611c00000| Updating 
|  52|0x0000000612000000, 0x0000000612400000, 0x0000000612400000|100%| O|  |TAMS 0x0000000612400000, 0x0000000612000000| Updating 
|  53|0x0000000612400000, 0x0000000612800000, 0x0000000612800000|100%| O|  |TAMS 0x0000000612800000, 0x0000000612400000| Updating 
|  54|0x0000000612800000, 0x0000000612c00000, 0x0000000612c00000|100%| O|  |TAMS 0x0000000612c00000, 0x0000000612800000| Updating 
|  55|0x0000000612c00000, 0x0000000613000000, 0x0000000613000000|100%| O|  |TAMS 0x0000000613000000, 0x0000000612c00000| Updating 
|  56|0x0000000613000000, 0x0000000613400000, 0x0000000613400000|100%| O|  |TAMS 0x0000000613400000, 0x0000000613000000| Updating 
|  57|0x0000000613400000, 0x0000000613800000, 0x0000000613800000|100%| O|  |TAMS 0x0000000613800000, 0x0000000613400000| Updating 
|  58|0x0000000613800000, 0x0000000613c00000, 0x0000000613c00000|100%| O|  |TAMS 0x0000000613c00000, 0x0000000613800000| Untracked 
|  59|0x0000000613c00000, 0x0000000614000000, 0x0000000614000000|100%| O|  |TAMS 0x0000000614000000, 0x0000000613c00000| Untracked 
|  60|0x0000000614000000, 0x0000000614400000, 0x0000000614400000|100%| O|  |TAMS 0x0000000614400000, 0x0000000614000000| Updating 
|  61|0x0000000614400000, 0x0000000614800000, 0x0000000614800000|100%| O|  |TAMS 0x0000000614800000, 0x0000000614400000| Updating 
|  62|0x0000000614800000, 0x0000000614c00000, 0x0000000614c00000|100%| O|  |TAMS 0x0000000614c00000, 0x0000000614800000| Updating 
|  63|0x0000000614c00000, 0x0000000615000000, 0x0000000615000000|100%| O|  |TAMS 0x0000000615000000, 0x0000000614c00000| Updating 
|  64|0x0000000615000000, 0x0000000615400000, 0x0000000615400000|100%| O|  |TAMS 0x0000000615400000, 0x0000000615000000| Updating 
|  65|0x0000000615400000, 0x0000000615800000, 0x0000000615800000|100%| O|  |TAMS 0x0000000615800000, 0x0000000615400000| Updating 
|  66|0x0000000615800000, 0x0000000615c00000, 0x0000000615c00000|100%| O|  |TAMS 0x0000000615c00000, 0x0000000615800000| Updating 
|  67|0x0000000615c00000, 0x0000000616000000, 0x0000000616000000|100%| O|  |TAMS 0x0000000616000000, 0x0000000615c00000| Updating 
|  68|0x0000000616000000, 0x0000000616400000, 0x0000000616400000|100%| O|  |TAMS 0x0000000616400000, 0x0000000616000000| Updating 
|  69|0x0000000616400000, 0x0000000616800000, 0x0000000616800000|100%| O|  |TAMS 0x0000000616800000, 0x0000000616400000| Updating 
|  70|0x0000000616800000, 0x0000000616c00000, 0x0000000616c00000|100%| O|  |TAMS 0x0000000616c00000, 0x0000000616800000| Untracked 
|  71|0x0000000616c00000, 0x0000000617000000, 0x0000000617000000|100%| O|  |TAMS 0x0000000617000000, 0x0000000616c00000| Updating 
|  72|0x0000000617000000, 0x0000000617400000, 0x0000000617400000|100%| O|  |TAMS 0x0000000617400000, 0x0000000617000000| Updating 
|  73|0x0000000617400000, 0x0000000617800000, 0x0000000617800000|100%| O|  |TAMS 0x0000000617800000, 0x0000000617400000| Updating 
|  74|0x0000000617800000, 0x0000000617c00000, 0x0000000617c00000|100%| O|  |TAMS 0x0000000617c00000, 0x0000000617800000| Updating 
|  75|0x0000000617c00000, 0x0000000618000000, 0x0000000618000000|100%| O|  |TAMS 0x0000000618000000, 0x0000000617c00000| Updating 
|  76|0x0000000618000000, 0x0000000618400000, 0x0000000618400000|100%| O|  |TAMS 0x0000000618400000, 0x0000000618000000| Updating 
|  77|0x0000000618400000, 0x0000000618800000, 0x0000000618800000|100%| O|  |TAMS 0x0000000618800000, 0x0000000618400000| Updating 
|  78|0x0000000618800000, 0x0000000618c00000, 0x0000000618c00000|100%| O|  |TAMS 0x0000000618c00000, 0x0000000618800000| Updating 
|  79|0x0000000618c00000, 0x0000000619000000, 0x0000000619000000|100%| O|  |TAMS 0x0000000619000000, 0x0000000618c00000| Updating 
|  80|0x0000000619000000, 0x0000000619400000, 0x0000000619400000|100%| O|  |TAMS 0x0000000619400000, 0x0000000619000000| Updating 
|  81|0x0000000619400000, 0x0000000619800000, 0x0000000619800000|100%| O|  |TAMS 0x0000000619800000, 0x0000000619400000| Updating 
|  82|0x0000000619800000, 0x0000000619c00000, 0x0000000619c00000|100%| O|  |TAMS 0x0000000619c00000, 0x0000000619800000| Updating 
|  83|0x0000000619c00000, 0x000000061a000000, 0x000000061a000000|100%| O|  |TAMS 0x000000061a000000, 0x0000000619c00000| Updating 
|  84|0x000000061a000000, 0x000000061a400000, 0x000000061a400000|100%| O|  |TAMS 0x000000061a400000, 0x000000061a000000| Updating 
|  85|0x000000061a400000, 0x000000061a800000, 0x000000061a800000|100%| O|  |TAMS 0x000000061a800000, 0x000000061a400000| Updating 
|  86|0x000000061a800000, 0x000000061ac00000, 0x000000061ac00000|100%| O|  |TAMS 0x000000061ac00000, 0x000000061a800000| Updating 
|  87|0x000000061ac00000, 0x000000061b000000, 0x000000061b000000|100%| O|  |TAMS 0x000000061b000000, 0x000000061ac00000| Updating 
|  88|0x000000061b000000, 0x000000061b400000, 0x000000061b400000|100%| O|  |TAMS 0x000000061b400000, 0x000000061b000000| Updating 
|  89|0x000000061b400000, 0x000000061b800000, 0x000000061b800000|100%| O|  |TAMS 0x000000061b800000, 0x000000061b400000| Updating 
|  90|0x000000061b800000, 0x000000061bc00000, 0x000000061bc00000|100%| O|  |TAMS 0x000000061bc00000, 0x000000061b800000| Updating 
|  91|0x000000061bc00000, 0x000000061c000000, 0x000000061c000000|100%| O|  |TAMS 0x000000061c000000, 0x000000061bc00000| Updating 
|  92|0x000000061c000000, 0x000000061c400000, 0x000000061c400000|100%| O|  |TAMS 0x000000061c400000, 0x000000061c000000| Updating 
|  93|0x000000061c400000, 0x000000061c800000, 0x000000061c800000|100%| O|  |TAMS 0x000000061c800000, 0x000000061c400000| Updating 
|  94|0x000000061c800000, 0x000000061cc00000, 0x000000061cc00000|100%| O|  |TAMS 0x000000061cc00000, 0x000000061c800000| Updating 
|  95|0x000000061cc00000, 0x000000061d000000, 0x000000061d000000|100%| O|  |TAMS 0x000000061d000000, 0x000000061cc00000| Updating 
|  96|0x000000061d000000, 0x000000061d400000, 0x000000061d400000|100%| O|  |TAMS 0x000000061d400000, 0x000000061d000000| Updating 
|  97|0x000000061d400000, 0x000000061d800000, 0x000000061d800000|100%| O|  |TAMS 0x000000061d800000, 0x000000061d400000| Updating 
|  98|0x000000061d800000, 0x000000061dc00000, 0x000000061dc00000|100%| O|  |TAMS 0x000000061dc00000, 0x000000061d800000| Updating 
|  99|0x000000061dc00000, 0x000000061e000000, 0x000000061e000000|100%| O|  |TAMS 0x000000061e000000, 0x000000061dc00000| Updating 
| 100|0x000000061e000000, 0x000000061e400000, 0x000000061e400000|100%| O|  |TAMS 0x000000061e400000, 0x000000061e000000| Updating 
| 101|0x000000061e400000, 0x000000061e800000, 0x000000061e800000|100%| O|  |TAMS 0x000000061e800000, 0x000000061e400000| Updating 
| 102|0x000000061e800000, 0x000000061ec00000, 0x000000061ec00000|100%| O|  |TAMS 0x000000061ec00000, 0x000000061e800000| Updating 
| 103|0x000000061ec00000, 0x000000061f000000, 0x000000061f000000|100%| O|  |TAMS 0x000000061f000000, 0x000000061ec00000| Updating 
| 104|0x000000061f000000, 0x000000061f400000, 0x000000061f400000|100%| O|  |TAMS 0x000000061f400000, 0x000000061f000000| Updating 
| 105|0x000000061f400000, 0x000000061f800000, 0x000000061f800000|100%| O|  |TAMS 0x000000061f800000, 0x000000061f400000| Updating 
| 106|0x000000061f800000, 0x000000061fc00000, 0x000000061fc00000|100%| O|  |TAMS 0x000000061fc00000, 0x000000061f800000| Updating 
| 107|0x000000061fc00000, 0x0000000620000000, 0x0000000620000000|100%| O|  |TAMS 0x0000000620000000, 0x000000061fc00000| Updating 
| 108|0x0000000620000000, 0x0000000620400000, 0x0000000620400000|100%| O|  |TAMS 0x0000000620400000, 0x0000000620000000| Updating 
| 109|0x0000000620400000, 0x0000000620800000, 0x0000000620800000|100%| O|  |TAMS 0x0000000620800000, 0x0000000620400000| Updating 
| 110|0x0000000620800000, 0x0000000620c00000, 0x0000000620c00000|100%| O|  |TAMS 0x0000000620c00000, 0x0000000620800000| Updating 
| 111|0x0000000620c00000, 0x0000000621000000, 0x0000000621000000|100%| O|  |TAMS 0x0000000621000000, 0x0000000620c00000| Updating 
| 112|0x0000000621000000, 0x0000000621400000, 0x0000000621400000|100%| O|  |TAMS 0x0000000621400000, 0x0000000621000000| Updating 
| 113|0x0000000621400000, 0x0000000621800000, 0x0000000621800000|100%| O|  |TAMS 0x0000000621800000, 0x0000000621400000| Updating 
| 114|0x0000000621800000, 0x0000000621c00000, 0x0000000621c00000|100%| O|  |TAMS 0x0000000621c00000, 0x0000000621800000| Updating 
| 115|0x0000000621c00000, 0x0000000622000000, 0x0000000622000000|100%| O|  |TAMS 0x0000000622000000, 0x0000000621c00000| Updating 
| 116|0x0000000622000000, 0x0000000622400000, 0x0000000622400000|100%| O|  |TAMS 0x0000000622400000, 0x0000000622000000| Updating 
| 117|0x0000000622400000, 0x0000000622800000, 0x0000000622800000|100%| O|  |TAMS 0x0000000622800000, 0x0000000622400000| Updating 
| 118|0x0000000622800000, 0x0000000622c00000, 0x0000000622c00000|100%| O|  |TAMS 0x0000000622c00000, 0x0000000622800000| Updating 
| 119|0x0000000622c00000, 0x0000000623000000, 0x0000000623000000|100%| O|  |TAMS 0x0000000623000000, 0x0000000622c00000| Updating 
| 120|0x0000000623000000, 0x0000000623400000, 0x0000000623400000|100%| O|  |TAMS 0x0000000623400000, 0x0000000623000000| Updating 
| 121|0x0000000623400000, 0x0000000623800000, 0x0000000623800000|100%| O|  |TAMS 0x0000000623800000, 0x0000000623400000| Updating 
| 122|0x0000000623800000, 0x0000000623c00000, 0x0000000623c00000|100%| O|  |TAMS 0x0000000623c00000, 0x0000000623800000| Updating 
| 123|0x0000000623c00000, 0x0000000624000000, 0x0000000624000000|100%| O|  |TAMS 0x0000000624000000, 0x0000000623c00000| Updating 
| 124|0x0000000624000000, 0x0000000624400000, 0x0000000624400000|100%| O|  |TAMS 0x0000000624400000, 0x0000000624000000| Updating 
| 125|0x0000000624400000, 0x0000000624800000, 0x0000000624800000|100%| O|  |TAMS 0x0000000624800000, 0x0000000624400000| Updating 
| 126|0x0000000624800000, 0x0000000624c00000, 0x0000000624c00000|100%| O|  |TAMS 0x0000000624c00000, 0x0000000624800000| Updating 
| 127|0x0000000624c00000, 0x0000000625000000, 0x0000000625000000|100%| O|  |TAMS 0x0000000625000000, 0x0000000624c00000| Updating 
| 128|0x0000000625000000, 0x0000000625400000, 0x0000000625400000|100%| O|  |TAMS 0x0000000625190200, 0x0000000625000000| Untracked 
| 129|0x0000000625400000, 0x0000000625800000, 0x0000000625800000|100%| O|  |TAMS 0x0000000625400000, 0x0000000625400000| Untracked 
| 130|0x0000000625800000, 0x0000000625c00000, 0x0000000625c00000|100%| O|  |TAMS 0x0000000625800000, 0x0000000625800000| Untracked 
| 131|0x0000000625c00000, 0x0000000626000000, 0x0000000626000000|100%| O|  |TAMS 0x0000000625c00000, 0x0000000625c00000| Untracked 
| 132|0x0000000626000000, 0x0000000626400000, 0x0000000626400000|100%| O|  |TAMS 0x0000000626000000, 0x0000000626000000| Untracked 
| 133|0x0000000626400000, 0x0000000626800000, 0x0000000626800000|100%| O|  |TAMS 0x0000000626400000, 0x0000000626400000| Untracked 
| 134|0x0000000626800000, 0x0000000626c00000, 0x0000000626c00000|100%| O|  |TAMS 0x0000000626800000, 0x0000000626800000| Untracked 
| 135|0x0000000626c00000, 0x0000000627000000, 0x0000000627000000|100%| O|  |TAMS 0x0000000626c00000, 0x0000000626c00000| Untracked 
| 136|0x0000000627000000, 0x0000000627400000, 0x0000000627400000|100%| O|  |TAMS 0x0000000627000000, 0x0000000627000000| Untracked 
| 137|0x0000000627400000, 0x0000000627800000, 0x0000000627800000|100%| O|  |TAMS 0x0000000627400000, 0x0000000627400000| Untracked 
| 138|0x0000000627800000, 0x0000000627c00000, 0x0000000627c00000|100%| O|  |TAMS 0x0000000627800000, 0x0000000627800000| Untracked 
| 139|0x0000000627c00000, 0x0000000628000000, 0x0000000628000000|100%| O|  |TAMS 0x0000000627c00000, 0x0000000627c00000| Untracked 
| 140|0x0000000628000000, 0x0000000628400000, 0x0000000628400000|100%| O|  |TAMS 0x0000000628000000, 0x0000000628000000| Untracked 
| 141|0x0000000628400000, 0x0000000628800000, 0x0000000628800000|100%| O|  |TAMS 0x0000000628400000, 0x0000000628400000| Untracked 
| 142|0x0000000628800000, 0x0000000628c00000, 0x0000000628c00000|100%| O|  |TAMS 0x0000000628800000, 0x0000000628800000| Untracked 
| 143|0x0000000628c00000, 0x0000000629000000, 0x0000000629000000|100%| O|  |TAMS 0x0000000628c00000, 0x0000000628c00000| Untracked 
| 144|0x0000000629000000, 0x0000000629400000, 0x0000000629400000|100%| O|  |TAMS 0x0000000629000000, 0x0000000629000000| Untracked 
| 145|0x0000000629400000, 0x0000000629800000, 0x0000000629800000|100%| O|  |TAMS 0x0000000629400000, 0x0000000629400000| Untracked 
| 146|0x0000000629800000, 0x0000000629c00000, 0x0000000629c00000|100%| O|  |TAMS 0x0000000629800000, 0x0000000629800000| Untracked 
| 147|0x0000000629c00000, 0x000000062a000000, 0x000000062a000000|100%| O|  |TAMS 0x0000000629c00000, 0x0000000629c00000| Untracked 
| 148|0x000000062a000000, 0x000000062a400000, 0x000000062a400000|100%| O|  |TAMS 0x000000062a000000, 0x000000062a000000| Untracked 
| 149|0x000000062a400000, 0x000000062a800000, 0x000000062a800000|100%| O|  |TAMS 0x000000062a400000, 0x000000062a400000| Untracked 
| 150|0x000000062a800000, 0x000000062ac00000, 0x000000062ac00000|100%| O|  |TAMS 0x000000062a800000, 0x000000062a800000| Untracked 
| 151|0x000000062ac00000, 0x000000062b000000, 0x000000062b000000|100%| O|  |TAMS 0x000000062ac00000, 0x000000062ac00000| Untracked 
| 152|0x000000062b000000, 0x000000062b400000, 0x000000062b400000|100%| O|  |TAMS 0x000000062b000000, 0x000000062b000000| Untracked 
| 153|0x000000062b400000, 0x000000062b800000, 0x000000062b800000|100%| O|  |TAMS 0x000000062b400000, 0x000000062b400000| Untracked 
| 154|0x000000062b800000, 0x000000062bc00000, 0x000000062bc00000|100%| O|  |TAMS 0x000000062b800000, 0x000000062b800000| Untracked 
| 155|0x000000062bc00000, 0x000000062c000000, 0x000000062c000000|100%| O|  |TAMS 0x000000062bc00000, 0x000000062bc00000| Untracked 
| 156|0x000000062c000000, 0x000000062c190200, 0x000000062c400000| 39%| O|  |TAMS 0x000000062c000000, 0x000000062c000000| Updating 
| 157|0x000000062c400000, 0x000000062c400000, 0x000000062c800000|  0%| F|  |TAMS 0x000000062c400000, 0x000000062c400000| Untracked 
| 158|0x000000062c800000, 0x000000062c800000, 0x000000062cc00000|  0%| F|  |TAMS 0x000000062c800000, 0x000000062c800000| Untracked 
| 159|0x000000062cc00000, 0x000000062cc00000, 0x000000062d000000|  0%| F|  |TAMS 0x000000062cc00000, 0x000000062cc00000| Untracked 
| 160|0x000000062d000000, 0x000000062d000000, 0x000000062d400000|  0%| F|  |TAMS 0x000000062d000000, 0x000000062d000000| Untracked 
| 161|0x000000062d400000, 0x000000062d400000, 0x000000062d800000|  0%| F|  |TAMS 0x000000062d400000, 0x000000062d400000| Untracked 
| 162|0x000000062d800000, 0x000000062d800000, 0x000000062dc00000|  0%| F|  |TAMS 0x000000062d800000, 0x000000062d800000| Untracked 
| 163|0x000000062dc00000, 0x000000062dc00000, 0x000000062e000000|  0%| F|  |TAMS 0x000000062dc00000, 0x000000062dc00000| Untracked 
| 164|0x000000062e000000, 0x000000062e000000, 0x000000062e400000|  0%| F|  |TAMS 0x000000062e000000, 0x000000062e000000| Untracked 
| 165|0x000000062e400000, 0x000000062e400000, 0x000000062e800000|  0%| F|  |TAMS 0x000000062e400000, 0x000000062e400000| Untracked 
| 166|0x000000062e800000, 0x000000062e800000, 0x000000062ec00000|  0%| F|  |TAMS 0x000000062e800000, 0x000000062e800000| Untracked 
| 167|0x000000062ec00000, 0x000000062ec00000, 0x000000062f000000|  0%| F|  |TAMS 0x000000062ec00000, 0x000000062ec00000| Untracked 
| 168|0x000000062f000000, 0x000000062f000000, 0x000000062f400000|  0%| F|  |TAMS 0x000000062f000000, 0x000000062f000000| Untracked 
| 169|0x000000062f400000, 0x000000062f400000, 0x000000062f800000|  0%| F|  |TAMS 0x000000062f400000, 0x000000062f400000| Untracked 
| 170|0x000000062f800000, 0x000000062f800000, 0x000000062fc00000|  0%| F|  |TAMS 0x000000062f800000, 0x000000062f800000| Untracked 
| 171|0x000000062fc00000, 0x000000062fc00000, 0x0000000630000000|  0%| F|  |TAMS 0x000000062fc00000, 0x000000062fc00000| Untracked 
| 172|0x0000000630000000, 0x0000000630000000, 0x0000000630400000|  0%| F|  |TAMS 0x0000000630000000, 0x0000000630000000| Untracked 
| 173|0x0000000630400000, 0x0000000630400000, 0x0000000630800000|  0%| F|  |TAMS 0x0000000630400000, 0x0000000630400000| Untracked 
| 174|0x0000000630800000, 0x0000000630800000, 0x0000000630c00000|  0%| F|  |TAMS 0x0000000630800000, 0x0000000630800000| Untracked 
| 175|0x0000000630c00000, 0x0000000630c00000, 0x0000000631000000|  0%| F|  |TAMS 0x0000000630c00000, 0x0000000630c00000| Untracked 
| 176|0x0000000631000000, 0x0000000631000000, 0x0000000631400000|  0%| F|  |TAMS 0x0000000631000000, 0x0000000631000000| Untracked 
| 177|0x0000000631400000, 0x0000000631400000, 0x0000000631800000|  0%| F|  |TAMS 0x0000000631400000, 0x0000000631400000| Untracked 
| 178|0x0000000631800000, 0x0000000631800000, 0x0000000631c00000|  0%| F|  |TAMS 0x0000000631800000, 0x0000000631800000| Untracked 
| 179|0x0000000631c00000, 0x0000000631c00000, 0x0000000632000000|  0%| F|  |TAMS 0x0000000631c00000, 0x0000000631c00000| Untracked 
| 180|0x0000000632000000, 0x0000000632000000, 0x0000000632400000|  0%| F|  |TAMS 0x0000000632000000, 0x0000000632000000| Untracked 
| 181|0x0000000632400000, 0x0000000632400000, 0x0000000632800000|  0%| F|  |TAMS 0x0000000632400000, 0x0000000632400000| Untracked 
| 182|0x0000000632800000, 0x0000000632800000, 0x0000000632c00000|  0%| F|  |TAMS 0x0000000632800000, 0x0000000632800000| Untracked 
| 183|0x0000000632c00000, 0x0000000632c00000, 0x0000000633000000|  0%| F|  |TAMS 0x0000000632c00000, 0x0000000632c00000| Untracked 
| 184|0x0000000633000000, 0x0000000633000000, 0x0000000633400000|  0%| F|  |TAMS 0x0000000633000000, 0x0000000633000000| Untracked 
| 185|0x0000000633400000, 0x0000000633400000, 0x0000000633800000|  0%| F|  |TAMS 0x0000000633400000, 0x0000000633400000| Untracked 
| 186|0x0000000633800000, 0x0000000633800000, 0x0000000633c00000|  0%| F|  |TAMS 0x0000000633800000, 0x0000000633800000| Untracked 
| 187|0x0000000633c00000, 0x0000000633c00000, 0x0000000634000000|  0%| F|  |TAMS 0x0000000633c00000, 0x0000000633c00000| Untracked 
| 188|0x0000000634000000, 0x0000000634000000, 0x0000000634400000|  0%| F|  |TAMS 0x0000000634000000, 0x0000000634000000| Untracked 
| 189|0x0000000634400000, 0x0000000634400000, 0x0000000634800000|  0%| F|  |TAMS 0x0000000634400000, 0x0000000634400000| Untracked 
| 190|0x0000000634800000, 0x0000000634800000, 0x0000000634c00000|  0%| F|  |TAMS 0x0000000634800000, 0x0000000634800000| Untracked 
| 191|0x0000000634c00000, 0x0000000634c00000, 0x0000000635000000|  0%| F|  |TAMS 0x0000000634c00000, 0x0000000634c00000| Untracked 
| 192|0x0000000635000000, 0x0000000635000000, 0x0000000635400000|  0%| F|  |TAMS 0x0000000635000000, 0x0000000635000000| Untracked 
| 193|0x0000000635400000, 0x0000000635400000, 0x0000000635800000|  0%| F|  |TAMS 0x0000000635400000, 0x0000000635400000| Untracked 
| 194|0x0000000635800000, 0x0000000635800000, 0x0000000635c00000|  0%| F|  |TAMS 0x0000000635800000, 0x0000000635800000| Untracked 
| 195|0x0000000635c00000, 0x0000000635c00000, 0x0000000636000000|  0%| F|  |TAMS 0x0000000635c00000, 0x0000000635c00000| Untracked 
| 196|0x0000000636000000, 0x0000000636000000, 0x0000000636400000|  0%| F|  |TAMS 0x0000000636000000, 0x0000000636000000| Untracked 
| 197|0x0000000636400000, 0x0000000636400000, 0x0000000636800000|  0%| F|  |TAMS 0x0000000636400000, 0x0000000636400000| Untracked 
| 198|0x0000000636800000, 0x0000000636800000, 0x0000000636c00000|  0%| F|  |TAMS 0x0000000636800000, 0x0000000636800000| Untracked 
| 199|0x0000000636c00000, 0x0000000636c00000, 0x0000000637000000|  0%| F|  |TAMS 0x0000000636c00000, 0x0000000636c00000| Untracked 
| 200|0x0000000637000000, 0x0000000637000000, 0x0000000637400000|  0%| F|  |TAMS 0x0000000637000000, 0x0000000637000000| Untracked 
| 201|0x0000000637400000, 0x0000000637400000, 0x0000000637800000|  0%| F|  |TAMS 0x0000000637400000, 0x0000000637400000| Untracked 
| 202|0x0000000637800000, 0x0000000637800000, 0x0000000637c00000|  0%| F|  |TAMS 0x0000000637800000, 0x0000000637800000| Untracked 
| 203|0x0000000637c00000, 0x0000000637c00000, 0x0000000638000000|  0%| F|  |TAMS 0x0000000637c00000, 0x0000000637c00000| Untracked 
| 204|0x0000000638000000, 0x0000000638000000, 0x0000000638400000|  0%| F|  |TAMS 0x0000000638000000, 0x0000000638000000| Untracked 
| 205|0x0000000638400000, 0x0000000638400000, 0x0000000638800000|  0%| F|  |TAMS 0x0000000638400000, 0x0000000638400000| Untracked 
| 206|0x0000000638800000, 0x0000000638800000, 0x0000000638c00000|  0%| F|  |TAMS 0x0000000638800000, 0x0000000638800000| Untracked 
| 207|0x0000000638c00000, 0x0000000638c00000, 0x0000000639000000|  0%| F|  |TAMS 0x0000000638c00000, 0x0000000638c00000| Untracked 
| 208|0x0000000639000000, 0x0000000639000000, 0x0000000639400000|  0%| F|  |TAMS 0x0000000639000000, 0x0000000639000000| Untracked 
| 209|0x0000000639400000, 0x0000000639400000, 0x0000000639800000|  0%| F|  |TAMS 0x0000000639400000, 0x0000000639400000| Untracked 
| 210|0x0000000639800000, 0x0000000639800000, 0x0000000639c00000|  0%| F|  |TAMS 0x0000000639800000, 0x0000000639800000| Untracked 
| 211|0x0000000639c00000, 0x0000000639c00000, 0x000000063a000000|  0%| F|  |TAMS 0x0000000639c00000, 0x0000000639c00000| Untracked 
| 212|0x000000063a000000, 0x000000063a400000, 0x000000063a400000|100%| S|CS|TAMS 0x000000063a000000, 0x000000063a000000| Complete 
| 213|0x000000063a400000, 0x000000063a800000, 0x000000063a800000|100%| S|CS|TAMS 0x000000063a400000, 0x000000063a400000| Complete 
| 214|0x000000063a800000, 0x000000063ac00000, 0x000000063ac00000|100%| S|CS|TAMS 0x000000063a800000, 0x000000063a800000| Complete 
| 215|0x000000063ac00000, 0x000000063b000000, 0x000000063b000000|100%| S|CS|TAMS 0x000000063ac00000, 0x000000063ac00000| Complete 
| 216|0x000000063b000000, 0x000000063b400000, 0x000000063b400000|100%| S|CS|TAMS 0x000000063b000000, 0x000000063b000000| Complete 
| 217|0x000000063b400000, 0x000000063b400000, 0x000000063b800000|  0%| F|  |TAMS 0x000000063b400000, 0x000000063b400000| Untracked 
| 218|0x000000063b800000, 0x000000063b800000, 0x000000063bc00000|  0%| F|  |TAMS 0x000000063b800000, 0x000000063b800000| Untracked 
| 219|0x000000063bc00000, 0x000000063bc00000, 0x000000063c000000|  0%| F|  |TAMS 0x000000063bc00000, 0x000000063bc00000| Untracked 
| 220|0x000000063c000000, 0x000000063c000000, 0x000000063c400000|  0%| F|  |TAMS 0x000000063c000000, 0x000000063c000000| Untracked 
| 221|0x000000063c400000, 0x000000063c400000, 0x000000063c800000|  0%| F|  |TAMS 0x000000063c400000, 0x000000063c400000| Untracked 
| 222|0x000000063c800000, 0x000000063c800000, 0x000000063cc00000|  0%| F|  |TAMS 0x000000063c800000, 0x000000063c800000| Untracked 
| 223|0x000000063cc00000, 0x000000063cc00000, 0x000000063d000000|  0%| F|  |TAMS 0x000000063cc00000, 0x000000063cc00000| Untracked 
| 224|0x000000063d000000, 0x000000063d000000, 0x000000063d400000|  0%| F|  |TAMS 0x000000063d000000, 0x000000063d000000| Untracked 
| 225|0x000000063d400000, 0x000000063d400000, 0x000000063d800000|  0%| F|  |TAMS 0x000000063d400000, 0x000000063d400000| Untracked 
| 226|0x000000063d800000, 0x000000063d800000, 0x000000063dc00000|  0%| F|  |TAMS 0x000000063d800000, 0x000000063d800000| Untracked 
| 227|0x000000063dc00000, 0x000000063dc00000, 0x000000063e000000|  0%| F|  |TAMS 0x000000063dc00000, 0x000000063dc00000| Untracked 
| 228|0x000000063e000000, 0x000000063e000000, 0x000000063e400000|  0%| F|  |TAMS 0x000000063e000000, 0x000000063e000000| Untracked 
| 229|0x000000063e400000, 0x000000063e400000, 0x000000063e800000|  0%| F|  |TAMS 0x000000063e400000, 0x000000063e400000| Untracked 
| 230|0x000000063e800000, 0x000000063e800000, 0x000000063ec00000|  0%| F|  |TAMS 0x000000063e800000, 0x000000063e800000| Untracked 
| 231|0x000000063ec00000, 0x000000063ec00000, 0x000000063f000000|  0%| F|  |TAMS 0x000000063ec00000, 0x000000063ec00000| Untracked 
| 232|0x000000063f000000, 0x000000063f000000, 0x000000063f400000|  0%| F|  |TAMS 0x000000063f000000, 0x000000063f000000| Untracked 
| 233|0x000000063f400000, 0x000000063f400000, 0x000000063f800000|  0%| F|  |TAMS 0x000000063f400000, 0x000000063f400000| Untracked 
| 234|0x000000063f800000, 0x000000063f800000, 0x000000063fc00000|  0%| F|  |TAMS 0x000000063f800000, 0x000000063f800000| Untracked 
| 235|0x000000063fc00000, 0x000000063fc00000, 0x0000000640000000|  0%| F|  |TAMS 0x000000063fc00000, 0x000000063fc00000| Untracked 
| 236|0x0000000640000000, 0x0000000640000000, 0x0000000640400000|  0%| F|  |TAMS 0x0000000640000000, 0x0000000640000000| Untracked 
| 237|0x0000000640400000, 0x0000000640400000, 0x0000000640800000|  0%| F|  |TAMS 0x0000000640400000, 0x0000000640400000| Untracked 
| 238|0x0000000640800000, 0x0000000640800000, 0x0000000640c00000|  0%| F|  |TAMS 0x0000000640800000, 0x0000000640800000| Untracked 
| 239|0x0000000640c00000, 0x0000000640c00000, 0x0000000641000000|  0%| F|  |TAMS 0x0000000640c00000, 0x0000000640c00000| Untracked 
| 240|0x0000000641000000, 0x0000000641000000, 0x0000000641400000|  0%| F|  |TAMS 0x0000000641000000, 0x0000000641000000| Untracked 
| 241|0x0000000641400000, 0x0000000641720020, 0x0000000641800000| 78%| E|  |TAMS 0x0000000641400000, 0x0000000641400000| Complete 
| 242|0x0000000641800000, 0x0000000641bc2020, 0x0000000641c00000| 93%| E|  |TAMS 0x0000000641800000, 0x0000000641800000| Complete 
| 243|0x0000000641c00000, 0x0000000642000000, 0x0000000642000000|100%| E|CS|TAMS 0x0000000641c00000, 0x0000000641c00000| Complete 
| 244|0x0000000642000000, 0x0000000642400000, 0x0000000642400000|100%| E|CS|TAMS 0x0000000642000000, 0x0000000642000000| Complete 
|2027|0x00000007ffc00000, 0x0000000800000000, 0x0000000800000000|100%| O|  |TAMS 0x0000000800000000, 0x00000007ffc00000| Untracked 

Card table byte_map: [0x0000015a52e40000,0x0000015a53e20000] _byte_map_base: 0x0000015a4fe18000

Marking Bits (Prev, Next): (CMBitMap*) 0x0000015a3abbcf20, (CMBitMap*) 0x0000015a3abbcf60
 Prev Bits: [0x0000015a54e00000, 0x0000015a5ccc0000)
 Next Bits: [0x0000015a5ccc0000, 0x0000015a64b80000)

Polling page: 0x0000015a38a30000

Metaspace:

Usage:
  Non-class:     23.93 MB used.
      Class:      3.70 MB used.
       Both:     27.63 MB used.

Virtual space:
  Non-class space:       64.00 MB reserved,      24.06 MB ( 38%) committed,  1 nodes.
      Class space:        1.00 GB reserved,       3.81 MB ( <1%) committed,  1 nodes.
             Both:        1.06 GB reserved,      27.88 MB (  3%) committed. 

Chunk freelists:
   Non-Class:  7.52 MB
       Class:  12.19 MB
        Both:  19.70 MB

MaxMetaspaceSize: unlimited
CompressedClassSpaceSize: 1.00 GB
Initial GC threshold: 21.00 MB
Current GC threshold: 40.31 MB
CDS: on
MetaspaceReclaimPolicy: balanced
 - commit_granule_bytes: 65536.
 - commit_granule_words: 8192.
 - virtual_space_node_default_size: 8388608.
 - enlarge_chunks_in_place: 1.
 - new_chunks_are_fully_committed: 0.
 - uncommit_free_chunks: 1.
 - use_allocation_guard: 0.
 - handle_deallocations: 1.


Internal statistics:

num_allocs_failed_limit: 3.
num_arena_births: 324.
num_arena_deaths: 0.
num_vsnodes_births: 2.
num_vsnodes_deaths: 0.
num_space_committed: 446.
num_space_uncommitted: 0.
num_chunks_returned_to_freelist: 3.
num_chunks_taken_from_freelist: 1174.
num_chunk_merges: 3.
num_chunk_splits: 780.
num_chunks_enlarged: 539.
num_inconsistent_stats: 0.

CodeHeap 'non-profiled nmethods': size=119168Kb used=2490Kb max_used=2490Kb free=116677Kb
 bounds [0x0000015a49f60000, 0x0000015a4a1d0000, 0x0000015a513c0000]
CodeHeap 'profiled nmethods': size=119104Kb used=12338Kb max_used=12338Kb free=106766Kb
 bounds [0x0000015a423c0000, 0x0000015a42fd0000, 0x0000015a49810000]
CodeHeap 'non-nmethods': size=7488Kb used=3204Kb max_used=3255Kb free=4284Kb
 bounds [0x0000015a49810000, 0x0000015a49bb0000, 0x0000015a49f60000]
 total_blobs=6490 nmethods=5593 adapters=804
 compilation: enabled
              stopped_count=0, restarted_count=0
 full_count=0

Compilation events (20 events):
Event: 8.917 Thread 0x0000015aa928c880 nmethod 5587 0x0000015a42fc6510 code [0x0000015a42fc6780, 0x0000015a42fc75e8]
Event: 8.917 Thread 0x0000015ab947a140 5588       3       com.sun.javafx.collections.ObservableMapWrapper::put (96 bytes)
Event: 8.918 Thread 0x0000015aa908a070 5589       3       com.sun.javafx.collections.ObservableMapWrapper::callObservers (9 bytes)
Event: 8.918 Thread 0x0000015aa928c880 5590       3       com.sun.javafx.collections.MapListenerHelper::fireValueChangedEvent (10 bytes)
Event: 8.918 Thread 0x0000015aa928c880 nmethod 5590 0x0000015a42fc7910 code [0x0000015a42fc7ac0, 0x0000015a42fc7ca8]
Event: 8.918 Thread 0x0000015aa908a070 nmethod 5589 0x0000015a42fc7d90 code [0x0000015a42fc7f40, 0x0000015a42fc81a8]
Event: 8.918 Thread 0x0000015ab947a140 nmethod 5588 0x0000015a42fc8290 code [0x0000015a42fc8500, 0x0000015a42fc90b8]
Event: 8.946 Thread 0x0000015a672a8090 nmethod 5586 0x0000015a4a1c6610 code [0x0000015a4a1c6940, 0x0000015a4a1ca460]
Event: 8.946 Thread 0x0000015a672a8090 5591       4       com.sun.javafx.iio.gif.GIFImageLoader2::readBytes (44 bytes)
Event: 8.949 Thread 0x0000015a672a8090 nmethod 5591 0x0000015a4a1cc010 code [0x0000015a4a1cc1c0, 0x0000015a4a1ccad8]
Event: 8.973 Thread 0x0000015a672a8090 5592 %     4       com.sun.javafx.iio.gif.GIFImageLoader2::readPalete @ 24 (85 bytes)
Event: 8.976 Thread 0x0000015a672a8090 nmethod 5592% 0x0000015a4a1cd010 code [0x0000015a4a1cd1a0, 0x0000015a4a1cd4f8]
Event: 8.981 Thread 0x0000015a672a8090 5593       4       com.sun.javafx.iio.gif.GIFImageLoader2::readPalete (85 bytes)
Event: 8.987 Thread 0x0000015a672a8090 nmethod 5593 0x0000015a4a1cd710 code [0x0000015a4a1cd8e0, 0x0000015a4a1ce668]
Event: 9.040 Thread 0x0000015ab947a140 5594       3       javafx.fxml.FXMLLoader$SupportedType::values (10 bytes)
Event: 9.040 Thread 0x0000015aa9114eb0 5595   !   3       javafx.fxml.FXMLLoader::injectFields (88 bytes)
Event: 9.040 Thread 0x0000015ab947a140 nmethod 5594 0x0000015a42fc9410 code [0x0000015a42fc95c0, 0x0000015a42fc9868]
Event: 9.040 Thread 0x0000015aa9114eb0 nmethod 5595 0x0000015a42fc9910 code [0x0000015a42fc9ba0, 0x0000015a42fca788]
Event: 9.041 Thread 0x0000015aa9114eb0 5596   !   3       java.util.regex.Pattern::RemoveQEQuoting (370 bytes)
Event: 9.042 Thread 0x0000015aa9114eb0 nmethod 5596 0x0000015a42fcac90 code [0x0000015a42fcaf60, 0x0000015a42fcc148]

GC Heap History (20 events):
Event: 5.530 GC heap before
{Heap before GC invocations=12 (full 0):
 garbage-first heap   total 233472K, used 151502K [0x0000000605000000, 0x0000000800000000)
  region size 4096K, 8 young (32768K), 3 survivors (12288K)
 Metaspace       used 24227K, committed 24512K, reserved 1114112K
  class space    used 3030K, committed 3200K, reserved 1048576K
}
Event: 5.543 GC heap after
{Heap after GC invocations=13 (full 0):
 garbage-first heap   total 233472K, used 155596K [0x0000000605000000, 0x0000000800000000)
  region size 4096K, 1 young (4096K), 1 survivors (4096K)
 Metaspace       used 24227K, committed 24512K, reserved 1114112K
  class space    used 3030K, committed 3200K, reserved 1048576K
}
Event: 5.620 GC heap before
{Heap before GC invocations=14 (full 0):
 garbage-first heap   total 274432K, used 163788K [0x0000000605000000, 0x0000000800000000)
  region size 4096K, 4 young (16384K), 1 survivors (4096K)
 Metaspace       used 24242K, committed 24576K, reserved 1114112K
  class space    used 3030K, committed 3200K, reserved 1048576K
}
Event: 5.627 GC heap after
{Heap after GC invocations=15 (full 0):
 garbage-first heap   total 274432K, used 167884K [0x0000000605000000, 0x0000000800000000)
  region size 4096K, 1 young (4096K), 1 survivors (4096K)
 Metaspace       used 24242K, committed 24576K, reserved 1114112K
  class space    used 3030K, committed 3200K, reserved 1048576K
}
Event: 5.659 GC heap before
{Heap before GC invocations=15 (full 0):
 garbage-first heap   total 274432K, used 171980K [0x0000000605000000, 0x0000000800000000)
  region size 4096K, 3 young (12288K), 1 survivors (4096K)
 Metaspace       used 24249K, committed 24576K, reserved 1114112K
  class space    used 3030K, committed 3200K, reserved 1048576K
}
Event: 5.666 GC heap after
{Heap after GC invocations=16 (full 0):
 garbage-first heap   total 462848K, used 177095K [0x0000000605000000, 0x0000000800000000)
  region size 4096K, 1 young (4096K), 1 survivors (4096K)
 Metaspace       used 24249K, committed 24576K, reserved 1114112K
  class space    used 3030K, committed 3200K, reserved 1048576K
}
Event: 6.058 GC heap before
{Heap before GC invocations=16 (full 0):
 garbage-first heap   total 462848K, used 246727K [0x0000000605000000, 0x0000000800000000)
  region size 4096K, 19 young (77824K), 1 survivors (4096K)
 Metaspace       used 24372K, committed 24640K, reserved 1114112K
  class space    used 3030K, committed 3200K, reserved 1048576K
}
Event: 6.065 GC heap after
{Heap after GC invocations=17 (full 0):
 garbage-first heap   total 462848K, used 250823K [0x0000000605000000, 0x0000000800000000)
  region size 4096K, 3 young (12288K), 3 survivors (12288K)
 Metaspace       used 24372K, committed 24640K, reserved 1114112K
  class space    used 3030K, committed 3200K, reserved 1048576K
}
Event: 6.264 GC heap before
{Heap before GC invocations=17 (full 0):
 garbage-first heap   total 462848K, used 295879K [0x0000000605000000, 0x0000000800000000)
  region size 4096K, 15 young (61440K), 3 survivors (12288K)
 Metaspace       used 24413K, committed 24768K, reserved 1114112K
  class space    used 3030K, committed 3200K, reserved 1048576K
}
Event: 6.287 GC heap after
{Heap after GC invocations=18 (full 0):
 garbage-first heap   total 462848K, used 297933K [0x0000000605000000, 0x0000000800000000)
  region size 4096K, 2 young (8192K), 2 survivors (8192K)
 Metaspace       used 24413K, committed 24768K, reserved 1114112K
  class space    used 3030K, committed 3200K, reserved 1048576K
}
Event: 6.535 GC heap before
{Heap before GC invocations=19 (full 0):
 garbage-first heap   total 507904K, used 330701K [0x0000000605000000, 0x0000000800000000)
  region size 4096K, 11 young (45056K), 2 survivors (8192K)
 Metaspace       used 25211K, committed 25472K, reserved 1114112K
  class space    used 3209K, committed 3328K, reserved 1048576K
}
Event: 6.567 GC heap after
{Heap after GC invocations=20 (full 0):
 garbage-first heap   total 507904K, used 332743K [0x0000000605000000, 0x0000000800000000)
  region size 4096K, 2 young (8192K), 2 survivors (8192K)
 Metaspace       used 25211K, committed 25472K, reserved 1114112K
  class space    used 3209K, committed 3328K, reserved 1048576K
}
Event: 6.939 GC heap before
{Heap before GC invocations=20 (full 0):
 garbage-first heap   total 507904K, used 349127K [0x0000000605000000, 0x0000000800000000)
  region size 4096K, 6 young (24576K), 2 survivors (8192K)
 Metaspace       used 27408K, committed 27712K, reserved 1114112K
  class space    used 3706K, committed 3840K, reserved 1048576K
}
Event: 6.991 GC heap after
{Heap after GC invocations=21 (full 0):
 garbage-first heap   total 1007616K, used 335137K [0x0000000605000000, 0x0000000800000000)
  region size 4096K, 1 young (4096K), 1 survivors (4096K)
 Metaspace       used 27408K, committed 27712K, reserved 1114112K
  class space    used 3706K, committed 3840K, reserved 1048576K
}
Event: 8.723 GC heap before
{Heap before GC invocations=21 (full 0):
 garbage-first heap   total 1007616K, used 376097K [0x0000000605000000, 0x0000000800000000)
  region size 4096K, 12 young (49152K), 1 survivors (4096K)
 Metaspace       used 28281K, committed 28544K, reserved 1114112K
  class space    used 3786K, committed 3904K, reserved 1048576K
}
Event: 8.729 GC heap after
{Heap after GC invocations=22 (full 0):
 garbage-first heap   total 1007616K, used 374277K [0x0000000605000000, 0x0000000800000000)
  region size 4096K, 2 young (8192K), 2 survivors (8192K)
 Metaspace       used 28281K, committed 28544K, reserved 1114112K
  class space    used 3786K, committed 3904K, reserved 1048576K
}
Event: 8.953 GC heap before
{Heap before GC invocations=22 (full 0):
 garbage-first heap   total 1007616K, used 554501K [0x0000000605000000, 0x0000000800000000)
  region size 4096K, 47 young (192512K), 2 survivors (8192K)
 Metaspace       used 28293K, committed 28544K, reserved 1114112K
  class space    used 3787K, committed 3904K, reserved 1048576K
}
Event: 8.970 GC heap after
{Heap after GC invocations=23 (full 0):
 garbage-first heap   total 1007616K, used 554501K [0x0000000605000000, 0x0000000800000000)
  region size 4096K, 6 young (24576K), 6 survivors (24576K)
 Metaspace       used 28293K, committed 28544K, reserved 1114112K
  class space    used 3787K, committed 3904K, reserved 1048576K
}
Event: 9.078 GC heap before
{Heap before GC invocations=23 (full 0):
 garbage-first heap   total 1007616K, used 665093K [0x0000000605000000, 0x0000000800000000)
  region size 4096K, 34 young (139264K), 6 survivors (24576K)
 Metaspace       used 28296K, committed 28544K, reserved 1114112K
  class space    used 3787K, committed 3904K, reserved 1048576K
}
Event: 9.098 GC heap after
{Heap after GC invocations=24 (full 0):
 garbage-first heap   total 1007616K, used 665093K [0x0000000605000000, 0x0000000800000000)
  region size 4096K, 5 young (20480K), 5 survivors (20480K)
 Metaspace       used 28296K, committed 28544K, reserved 1114112K
  class space    used 3787K, committed 3904K, reserved 1048576K
}

Deoptimization events (20 events):
Event: 8.741 Thread 0x0000015aae73c730 DEOPT PACKING pc=0x0000015a42fbe495 sp=0x00000049af9fc280
Event: 8.741 Thread 0x0000015aae73c730 DEOPT UNPACKING pc=0x0000015a49862b43 sp=0x00000049af9fb7a0 mode 0
Event: 8.742 Thread 0x0000015aae73c730 DEOPT PACKING pc=0x0000015a42fbe495 sp=0x00000049af9fc280
Event: 8.742 Thread 0x0000015aae73c730 DEOPT UNPACKING pc=0x0000015a49862b43 sp=0x00000049af9fb7a0 mode 0
Event: 8.743 Thread 0x0000015aae73c730 DEOPT PACKING pc=0x0000015a42fbe495 sp=0x00000049af9fc280
Event: 8.743 Thread 0x0000015aae73c730 DEOPT UNPACKING pc=0x0000015a49862b43 sp=0x00000049af9fb7a0 mode 0
Event: 8.744 Thread 0x0000015aae73c730 DEOPT PACKING pc=0x0000015a42fbe495 sp=0x00000049af9fc280
Event: 8.744 Thread 0x0000015aae73c730 DEOPT UNPACKING pc=0x0000015a49862b43 sp=0x00000049af9fb7a0 mode 0
Event: 8.745 Thread 0x0000015aae73c730 DEOPT PACKING pc=0x0000015a42fbe495 sp=0x00000049af9fc280
Event: 8.745 Thread 0x0000015aae73c730 DEOPT UNPACKING pc=0x0000015a49862b43 sp=0x00000049af9fb7a0 mode 0
Event: 8.745 Thread 0x0000015aae73c730 DEOPT PACKING pc=0x0000015a42fbc61d sp=0x00000049af9fc220
Event: 8.746 Thread 0x0000015aae73c730 DEOPT UNPACKING pc=0x0000015a49862b43 sp=0x00000049af9fb7a0 mode 0
Event: 8.749 Thread 0x0000015aae73c730 DEOPT PACKING pc=0x0000015a42fbe495 sp=0x00000049af9fc280
Event: 8.749 Thread 0x0000015aae73c730 DEOPT UNPACKING pc=0x0000015a49862b43 sp=0x00000049af9fb7a0 mode 0
Event: 8.751 Thread 0x0000015aae73c730 DEOPT PACKING pc=0x0000015a42fbe495 sp=0x00000049af9fc280
Event: 8.751 Thread 0x0000015aae73c730 DEOPT UNPACKING pc=0x0000015a49862b43 sp=0x00000049af9fb7a0 mode 0
Event: 8.751 Thread 0x0000015aae73c730 DEOPT PACKING pc=0x0000015a42fbe495 sp=0x00000049af9fc280
Event: 8.751 Thread 0x0000015aae73c730 DEOPT UNPACKING pc=0x0000015a49862b43 sp=0x00000049af9fb7a0 mode 0
Event: 8.981 Thread 0x0000015aae73c730 DEOPT PACKING pc=0x0000015a42fc61a4 sp=0x00000049af9fc310
Event: 8.981 Thread 0x0000015aae73c730 DEOPT UNPACKING pc=0x0000015a49862b43 sp=0x00000049af9fb7d0 mode 0

Classes unloaded (0 events):
No events

Classes redefined (0 events):
No events

Internal exceptions (20 events):
Event: 4.526 Thread 0x0000015aae73c730 Exception <a 'java/lang/NoSuchMethodError'{0x000000062436bf18}: 'java.lang.Object java.lang.invoke.Invokers$Holder.linkToTargetMethod(java.lang.Object, long, java.lang.Object)'> (0x000000062436bf18) 
thrown [s\open\src\hotspot\share\interpreter\linkResolver.cpp, line 759]
Event: 4.638 Thread 0x0000015aae73c730 Exception <a 'sun/nio/fs/WindowsException'{0x00000006243e9300}> (0x00000006243e9300) 
thrown [s\open\src\hotspot\share\prims\jni.cpp, line 516]
Event: 4.653 Thread 0x0000015aae73c730 Exception <a 'sun/nio/fs/WindowsException'{0x0000000623cabc40}> (0x0000000623cabc40) 
thrown [s\open\src\hotspot\share\prims\jni.cpp, line 516]
Event: 4.653 Thread 0x0000015aae73c730 Exception <a 'sun/nio/fs/WindowsException'{0x0000000623caec00}> (0x0000000623caec00) 
thrown [s\open\src\hotspot\share\prims\jni.cpp, line 516]
Event: 4.657 Thread 0x0000015aae73c730 Exception <a 'sun/nio/fs/WindowsException'{0x0000000623d0aed0}> (0x0000000623d0aed0) 
thrown [s\open\src\hotspot\share\prims\jni.cpp, line 516]
Event: 4.657 Thread 0x0000015aae73c730 Exception <a 'sun/nio/fs/WindowsException'{0x0000000623d0e310}> (0x0000000623d0e310) 
thrown [s\open\src\hotspot\share\prims\jni.cpp, line 516]
Event: 4.659 Thread 0x0000015aae73c730 Exception <a 'java/lang/NoSuchMethodError'{0x0000000623d1dc40}: 'java.lang.Object java.lang.invoke.DirectMethodHandle$Holder.invokeVirtual(java.lang.Object, java.lang.Object, java.lang.Object)'> (0x0000000623d1dc40) 
thrown [s\open\src\hotspot\share\interpreter\linkResolver.cpp, line 759]
Event: 4.850 Thread 0x0000015aae73c730 Implicit null exception at 0x0000015a4a0b8b58 to 0x0000015a4a0b8bee
Event: 4.850 Thread 0x0000015aae73c730 Implicit null exception at 0x0000015a49f7cb0f to 0x0000015a49f7cb89
Event: 5.962 Thread 0x0000015aae73c730 Implicit null exception at 0x0000015a4a10ae0b to 0x0000015a4a10b9b4
Event: 6.290 Thread 0x0000015aae73c730 Implicit null exception at 0x0000015a4a12426a to 0x0000015a4a126a00
Event: 6.291 Thread 0x0000015aae73c730 Implicit null exception at 0x0000015a4a11f0a9 to 0x0000015a4a121770
Event: 6.490 Thread 0x0000015aae73c730 Exception <a 'java/lang/ClassNotFoundException'{0x0000000621988da8}: com/sun/javafx/scene/control/skin/resources/controls> (0x0000000621988da8) 
thrown [s\open\src\hotspot\share\prims\jni.cpp, line 535]
Event: 6.490 Thread 0x0000015aae73c730 Exception <a 'java/lang/ClassNotFoundException'{0x00000006219971c0}: com/sun/javafx/scene/control/skin/resources/controls_fr> (0x00000006219971c0) 
thrown [s\open\src\hotspot\share\prims\jni.cpp, line 535]
Event: 6.491 Thread 0x0000015aae73c730 Exception <a 'java/lang/ClassNotFoundException'{0x00000006219a5130}: com/sun/javafx/scene/control/skin/resources/controls_fr_FR> (0x00000006219a5130) 
thrown [s\open\src\hotspot\share\prims\jni.cpp, line 535]
Event: 6.504 Thread 0x0000015aae73c730 Implicit null exception at 0x0000015a4a0eb3b5 to 0x0000015a4a0ec32c
Event: 6.528 Thread 0x0000015aae73c730 Implicit null exception at 0x0000015a49fd240a to 0x0000015a49fd29d8
Event: 6.529 Thread 0x0000015aae73c730 Exception <a 'java/lang/NoSuchMethodError'{0x0000000621b7ac60}: 'void java.lang.invoke.DirectMethodHandle$Holder.invokeSpecial(java.lang.Object, java.lang.Object, java.lang.Object, java.lang.Object, java.lang.Object, java.lang.Object)'> (0x0000000621b7ac60) 
thrown [s\open\src\hotspot\share\interpreter\linkResolver.cpp, line 759]
Event: 6.531 Thread 0x0000015aae73c730 Implicit null exception at 0x0000015a49fcba0f to 0x0000015a49fcbe1c
Event: 6.663 Thread 0x0000015aae73c730 Exception <a 'java/lang/NoSuchMethodError'{0x000000062355afa8}: 'int java.lang.invoke.DirectMethodHandle$Holder.invokeSpecial(java.lang.Object, java.lang.Object, int)'> (0x000000062355afa8) 
thrown [s\open\src\hotspot\share\interpreter\linkResolver.cpp, line 759]

VM Operations (20 events):
Event: 6.614 Executing VM operation: HandshakeAllThreads done
Event: 6.668 Executing VM operation: HandshakeAllThreads
Event: 6.668 Executing VM operation: HandshakeAllThreads done
Event: 6.863 Executing VM operation: ICBufferFull
Event: 6.864 Executing VM operation: ICBufferFull done
Event: 6.938 Executing VM operation: G1CollectForAllocation
Event: 6.991 Executing VM operation: G1CollectForAllocation done
Event: 7.026 Executing VM operation: HandshakeAllThreads
Event: 7.026 Executing VM operation: HandshakeAllThreads done
Event: 8.026 Executing VM operation: Cleanup
Event: 8.027 Executing VM operation: Cleanup done
Event: 8.660 Executing VM operation: HandshakeAllThreads
Event: 8.660 Executing VM operation: HandshakeAllThreads done
Event: 8.722 Executing VM operation: G1CollectForAllocation
Event: 8.729 Executing VM operation: G1CollectForAllocation done
Event: 8.953 Executing VM operation: G1CollectForAllocation
Event: 8.970 Executing VM operation: G1CollectForAllocation done
Event: 9.078 Executing VM operation: G1CollectForAllocation
Event: 9.098 Executing VM operation: G1CollectForAllocation done
Event: 9.104 Executing VM operation: G1Concurrent

Events (20 events):
Event: 7.017 Thread 0x0000015ab69e76c0 Thread added: 0x0000015ab69e76c0
Event: 7.024 loading class sun/misc/Unsafe
Event: 7.024 loading class sun/misc/Unsafe done
Event: 7.025 loading class jdk/internal/reflect/UnsafeQualifiedStaticObjectFieldAccessorImpl
Event: 7.025 loading class jdk/internal/reflect/UnsafeQualifiedStaticFieldAccessorImpl
Event: 7.025 loading class jdk/internal/reflect/UnsafeQualifiedStaticFieldAccessorImpl done
Event: 7.025 loading class jdk/internal/reflect/UnsafeQualifiedStaticObjectFieldAccessorImpl done
Event: 7.127 Thread 0x0000015aa9806960 Thread exited: 0x0000015aa9806960
Event: 7.128 Thread 0x0000015aa9807400 Thread exited: 0x0000015aa9807400
Event: 7.128 Thread 0x0000015aa9808e90 Thread exited: 0x0000015aa9808e90
Event: 7.133 Thread 0x0000015aa980de40 Thread exited: 0x0000015aa980de40
Event: 7.133 Thread 0x0000015aa980d3a0 Thread exited: 0x0000015aa980d3a0
Event: 7.133 Thread 0x0000015aa980b3c0 Thread exited: 0x0000015aa980b3c0
Event: 7.134 Thread 0x0000015ab94a3fa0 Thread exited: 0x0000015ab94a3fa0
Event: 7.417 loading class java/lang/Throwable$WrappedPrintStream
Event: 7.417 loading class java/lang/Throwable$PrintStreamOrWriter
Event: 7.417 loading class java/lang/Throwable$PrintStreamOrWriter done
Event: 7.417 loading class java/lang/Throwable$WrappedPrintStream done
Event: 8.673 Thread 0x0000015aa9807400 Thread added: 0x0000015aa9807400
Event: 8.834 Thread 0x0000015aa9807400 Thread exited: 0x0000015aa9807400


Dynamic libraries:
0x00007ff6eaf50000 - 0x00007ff6eaf60000 	C:\Program Files\Java\jdk-17\bin\java.exe
0x00007ff92eeb0000 - 0x00007ff92f0c6000 	C:\Windows\SYSTEM32\ntdll.dll
0x00007ff92e200000 - 0x00007ff92e2c4000 	C:\Windows\System32\KERNEL32.DLL
0x00007ff92c6f0000 - 0x00007ff92ca97000 	C:\Windows\System32\KERNELBASE.dll
0x00007ff92c410000 - 0x00007ff92c521000 	C:\Windows\System32\ucrtbase.dll
0x00007ff90b2c0000 - 0x00007ff90b2db000 	C:\Program Files\Java\jdk-17\bin\VCRUNTIME140.dll
0x00007ff90b2a0000 - 0x00007ff90b2b9000 	C:\Program Files\Java\jdk-17\bin\jli.dll
0x00007ff92d4b0000 - 0x00007ff92d562000 	C:\Windows\System32\ADVAPI32.dll
0x00007ff92e370000 - 0x00007ff92e417000 	C:\Windows\System32\msvcrt.dll
0x00007ff92e990000 - 0x00007ff92ea38000 	C:\Windows\System32\sechost.dll
0x00007ff92c3e0000 - 0x00007ff92c408000 	C:\Windows\System32\bcrypt.dll
0x00007ff92cd40000 - 0x00007ff92ce55000 	C:\Windows\System32\RPCRT4.dll
0x00007ff92ced0000 - 0x00007ff92d07e000 	C:\Windows\System32\USER32.dll
0x00007ff92c3b0000 - 0x00007ff92c3d6000 	C:\Windows\System32\win32u.dll
0x00007ff90b7c0000 - 0x00007ff90ba53000 	C:\Windows\WinSxS\amd64_microsoft.windows.common-controls_6595b64144ccf1df_6.0.22621.3235_none_270f74e173860f98\COMCTL32.dll
0x00007ff92e2d0000 - 0x00007ff92e2f9000 	C:\Windows\System32\GDI32.dll
0x00007ff92c5d0000 - 0x00007ff92c6e9000 	C:\Windows\System32\gdi32full.dll
0x00007ff92c530000 - 0x00007ff92c5ca000 	C:\Windows\System32\msvcp_win.dll
0x00007ff920830000 - 0x00007ff92083a000 	C:\Windows\SYSTEM32\VERSION.dll
0x00007ff92e8a0000 - 0x00007ff92e8d1000 	C:\Windows\System32\IMM32.DLL
0x00007ff926830000 - 0x00007ff92683c000 	C:\Program Files\Java\jdk-17\bin\vcruntime140_1.dll
0x00007ff8f94d0000 - 0x00007ff8f955e000 	C:\Program Files\Java\jdk-17\bin\msvcp140.dll
0x00007ff8c9970000 - 0x00007ff8ca54f000 	C:\Program Files\Java\jdk-17\bin\server\jvm.dll
0x00007ff92ce60000 - 0x00007ff92ce68000 	C:\Windows\System32\PSAPI.DLL
0x00007ff9219f0000 - 0x00007ff921a24000 	C:\Windows\SYSTEM32\WINMM.dll
0x00007ff90da70000 - 0x00007ff90da79000 	C:\Windows\SYSTEM32\WSOCK32.dll
0x00007ff92cc60000 - 0x00007ff92ccd1000 	C:\Windows\System32\WS2_32.dll
0x00007ff92b1d0000 - 0x00007ff92b1e8000 	C:\Windows\SYSTEM32\kernel.appcore.dll
0x00007ff90b290000 - 0x00007ff90b29a000 	C:\Program Files\Java\jdk-17\bin\jimage.dll
0x00007ff929b00000 - 0x00007ff929d33000 	C:\Windows\SYSTEM32\DBGHELP.DLL
0x00007ff92ea50000 - 0x00007ff92edd8000 	C:\Windows\System32\combase.dll
0x00007ff92d790000 - 0x00007ff92d867000 	C:\Windows\System32\OLEAUT32.dll
0x00007ff8fe4a0000 - 0x00007ff8fe4d2000 	C:\Windows\SYSTEM32\dbgcore.DLL
0x00007ff92caa0000 - 0x00007ff92cb19000 	C:\Windows\System32\bcryptPrimitives.dll
0x00007ff90b260000 - 0x00007ff90b285000 	C:\Program Files\Java\jdk-17\bin\java.dll
0x00007ff8e5db0000 - 0x00007ff8e5e87000 	C:\Program Files\Java\jdk-17\bin\jsvml.dll
0x00007ff92d870000 - 0x00007ff92e0cc000 	C:\Windows\System32\SHELL32.dll
0x00007ff92a0e0000 - 0x00007ff92a9d9000 	C:\Windows\SYSTEM32\windows.storage.dll
0x00007ff929fa0000 - 0x00007ff92a0de000 	C:\Windows\SYSTEM32\wintypes.dll
0x00007ff92d3b0000 - 0x00007ff92d4a3000 	C:\Windows\System32\SHCORE.dll
0x00007ff92cce0000 - 0x00007ff92cd3e000 	C:\Windows\System32\shlwapi.dll
0x00007ff92c100000 - 0x00007ff92c121000 	C:\Windows\SYSTEM32\profapi.dll
0x00007ff90a7e0000 - 0x00007ff90a7f9000 	C:\Program Files\Java\jdk-17\bin\net.dll
0x00007ff9266f0000 - 0x00007ff926826000 	C:\Windows\SYSTEM32\WINHTTP.dll
0x00007ff92b630000 - 0x00007ff92b699000 	C:\Windows\system32\mswsock.dll
0x00007ff90a7c0000 - 0x00007ff90a7d6000 	C:\Program Files\Java\jdk-17\bin\nio.dll
0x00007ff90a7a0000 - 0x00007ff90a7b8000 	C:\Program Files\Java\jdk-17\bin\zip.dll
0x0000015a3aa60000 - 0x0000015a3aa63000 	C:\Users\HP\.openjfx\cache\21.0.2+5\amd64\api-ms-win-core-console-l1-1-0.dll
0x0000015a3aa70000 - 0x0000015a3aa73000 	C:\Users\HP\.openjfx\cache\21.0.2+5\amd64\api-ms-win-core-console-l1-2-0.dll
0x0000015a3aa80000 - 0x0000015a3aa83000 	C:\Users\HP\.openjfx\cache\21.0.2+5\amd64\api-ms-win-core-datetime-l1-1-0.dll
0x0000015a3aa90000 - 0x0000015a3aa93000 	C:\Users\HP\.openjfx\cache\21.0.2+5\amd64\api-ms-win-core-debug-l1-1-0.dll
0x0000015a3aaa0000 - 0x0000015a3aaa3000 	C:\Users\HP\.openjfx\cache\21.0.2+5\amd64\api-ms-win-core-errorhandling-l1-1-0.dll
0x0000015a3aab0000 - 0x0000015a3aab4000 	C:\Users\HP\.openjfx\cache\21.0.2+5\amd64\api-ms-win-core-file-l1-1-0.dll
0x0000015a3aac0000 - 0x0000015a3aac3000 	C:\Users\HP\.openjfx\cache\21.0.2+5\amd64\api-ms-win-core-file-l1-2-0.dll
0x0000015a3aad0000 - 0x0000015a3aad3000 	C:\Users\HP\.openjfx\cache\21.0.2+5\amd64\api-ms-win-core-file-l2-1-0.dll
0x0000015a67fd0000 - 0x0000015a67fd3000 	C:\Users\HP\.openjfx\cache\21.0.2+5\amd64\api-ms-win-core-handle-l1-1-0.dll
0x0000015a67fe0000 - 0x0000015a67fe3000 	C:\Users\HP\.openjfx\cache\21.0.2+5\amd64\api-ms-win-core-heap-l1-1-0.dll
0x0000015a67ff0000 - 0x0000015a67ff3000 	C:\Users\HP\.openjfx\cache\21.0.2+5\amd64\api-ms-win-core-interlocked-l1-1-0.dll
0x0000015aa9c00000 - 0x0000015aa9c03000 	C:\Users\HP\.openjfx\cache\21.0.2+5\amd64\api-ms-win-core-libraryloader-l1-1-0.dll
0x0000015aa9c10000 - 0x0000015aa9c13000 	C:\Users\HP\.openjfx\cache\21.0.2+5\amd64\api-ms-win-core-localization-l1-2-0.dll
0x0000015aa9c20000 - 0x0000015aa9c23000 	C:\Users\HP\.openjfx\cache\21.0.2+5\amd64\api-ms-win-core-memory-l1-1-0.dll
0x0000015aa9c30000 - 0x0000015aa9c33000 	C:\Users\HP\.openjfx\cache\21.0.2+5\amd64\api-ms-win-core-namedpipe-l1-1-0.dll
0x0000015aa9c40000 - 0x0000015aa9c43000 	C:\Users\HP\.openjfx\cache\21.0.2+5\amd64\api-ms-win-core-processenvironment-l1-1-0.dll
0x0000015aa9c50000 - 0x0000015aa9c53000 	C:\Users\HP\.openjfx\cache\21.0.2+5\amd64\api-ms-win-core-processthreads-l1-1-0.dll
0x0000015aa9c60000 - 0x0000015aa9c63000 	C:\Users\HP\.openjfx\cache\21.0.2+5\amd64\api-ms-win-core-processthreads-l1-1-1.dll
0x0000015aa9c70000 - 0x0000015aa9c73000 	C:\Users\HP\.openjfx\cache\21.0.2+5\amd64\api-ms-win-core-profile-l1-1-0.dll
0x0000015aa9c80000 - 0x0000015aa9c83000 	C:\Users\HP\.openjfx\cache\21.0.2+5\amd64\api-ms-win-core-rtlsupport-l1-1-0.dll
0x0000015aa9c90000 - 0x0000015aa9c93000 	C:\Users\HP\.openjfx\cache\21.0.2+5\amd64\api-ms-win-core-string-l1-1-0.dll
0x0000015aa9ca0000 - 0x0000015aa9ca3000 	C:\Users\HP\.openjfx\cache\21.0.2+5\amd64\api-ms-win-core-synch-l1-1-0.dll
0x0000015aa9cb0000 - 0x0000015aa9cb3000 	C:\Users\HP\.openjfx\cache\21.0.2+5\amd64\api-ms-win-core-synch-l1-2-0.dll
0x0000015aa9cc0000 - 0x0000015aa9cc3000 	C:\Users\HP\.openjfx\cache\21.0.2+5\amd64\api-ms-win-core-sysinfo-l1-1-0.dll
0x0000015aa9cd0000 - 0x0000015aa9cd3000 	C:\Users\HP\.openjfx\cache\21.0.2+5\amd64\api-ms-win-core-timezone-l1-1-0.dll
0x0000015aa9ce0000 - 0x0000015aa9ce3000 	C:\Users\HP\.openjfx\cache\21.0.2+5\amd64\api-ms-win-core-util-l1-1-0.dll
0x0000015aa9cf0000 - 0x0000015aa9cf3000 	C:\Users\HP\.openjfx\cache\21.0.2+5\amd64\api-ms-win-crt-conio-l1-1-0.dll
0x0000015aa9d00000 - 0x0000015aa9d04000 	C:\Users\HP\.openjfx\cache\21.0.2+5\amd64\api-ms-win-crt-convert-l1-1-0.dll
0x0000015aa9d10000 - 0x0000015aa9d13000 	C:\Users\HP\.openjfx\cache\21.0.2+5\amd64\api-ms-win-crt-environment-l1-1-0.dll
0x0000015aa9d20000 - 0x0000015aa9d23000 	C:\Users\HP\.openjfx\cache\21.0.2+5\amd64\api-ms-win-crt-filesystem-l1-1-0.dll
0x0000015aa9d30000 - 0x0000015aa9d33000 	C:\Users\HP\.openjfx\cache\21.0.2+5\amd64\api-ms-win-crt-heap-l1-1-0.dll
0x0000015aa9d40000 - 0x0000015aa9d43000 	C:\Users\HP\.openjfx\cache\21.0.2+5\amd64\api-ms-win-crt-locale-l1-1-0.dll
0x0000015aa9d50000 - 0x0000015aa9d55000 	C:\Users\HP\.openjfx\cache\21.0.2+5\amd64\api-ms-win-crt-math-l1-1-0.dll
0x0000015aa9d60000 - 0x0000015aa9d65000 	C:\Users\HP\.openjfx\cache\21.0.2+5\amd64\api-ms-win-crt-multibyte-l1-1-0.dll
0x0000015aa9d70000 - 0x0000015aa9d80000 	C:\Users\HP\.openjfx\cache\21.0.2+5\amd64\api-ms-win-crt-private-l1-1-0.dll
0x0000015aa9d80000 - 0x0000015aa9d83000 	C:\Users\HP\.openjfx\cache\21.0.2+5\amd64\api-ms-win-crt-process-l1-1-0.dll
0x0000015aa9d90000 - 0x0000015aa9d94000 	C:\Users\HP\.openjfx\cache\21.0.2+5\amd64\api-ms-win-crt-runtime-l1-1-0.dll
0x0000015aa9da0000 - 0x0000015aa9da4000 	C:\Users\HP\.openjfx\cache\21.0.2+5\amd64\api-ms-win-crt-stdio-l1-1-0.dll
0x0000015aa9db0000 - 0x0000015aa9db4000 	C:\Users\HP\.openjfx\cache\21.0.2+5\amd64\api-ms-win-crt-string-l1-1-0.dll
0x0000015aa9dc0000 - 0x0000015aa9dc3000 	C:\Users\HP\.openjfx\cache\21.0.2+5\amd64\api-ms-win-crt-time-l1-1-0.dll
0x0000015aa9dd0000 - 0x0000015aa9dd3000 	C:\Users\HP\.openjfx\cache\21.0.2+5\amd64\api-ms-win-crt-utility-l1-1-0.dll
0x00007ff8e5940000 - 0x00007ff8e5a3c000 	C:\Users\HP\.openjfx\cache\21.0.2+5\amd64\ucrtbase.dll
0x00007ff90a700000 - 0x00007ff90a71b000 	C:\Users\HP\.openjfx\cache\21.0.2+5\amd64\vcruntime140.dll
0x00007ff90a790000 - 0x00007ff90a79c000 	C:\Users\HP\.openjfx\cache\21.0.2+5\amd64\vcruntime140_1.dll
0x00007ff8f9250000 - 0x00007ff8f92de000 	C:\Users\HP\.openjfx\cache\21.0.2+5\amd64\msvcp140.dll
0x00007ff90a750000 - 0x00007ff90a759000 	C:\Users\HP\.openjfx\cache\21.0.2+5\amd64\msvcp140_1.dll
0x00007ff907ab0000 - 0x00007ff907af1000 	C:\Users\HP\.openjfx\cache\21.0.2+5\amd64\msvcp140_2.dll
0x00007ff8fa190000 - 0x00007ff8fa1c0000 	C:\Users\HP\.openjfx\cache\21.0.2+5\amd64\prism_d3d.dll
0x00007ff8e55e0000 - 0x00007ff8e5789000 	C:\Windows\system32\d3d9.dll
0x00007ff929330000 - 0x00007ff92935b000 	C:\Windows\SYSTEM32\dwmapi.dll
0x00007ff9292e0000 - 0x00007ff929319000 	C:\Windows\SYSTEM32\dxcore.dll
0x00007ff929070000 - 0x00007ff92911b000 	C:\Windows\system32\uxtheme.dll
0x00007ff8e62a0000 - 0x00007ff8e6350000 	C:\Windows\SYSTEM32\d3d9on12.dll
0x00007ff8f9220000 - 0x00007ff8f9246000 	C:\Windows\SYSTEM32\d3d12.dll
0x00007ff9291d0000 - 0x00007ff9292c8000 	C:\Windows\SYSTEM32\dxgi.dll
0x00007ff92bee0000 - 0x00007ff92bf2e000 	C:\Windows\SYSTEM32\cfgmgr32.dll
0x00007ff8e53d0000 - 0x00007ff8e55d3000 	C:\Windows\SYSTEM32\D3D12Core.dll
0x00007ff8e5830000 - 0x00007ff8e5937000 	C:\Windows\System32\DriverStore\FileRepository\iigd_dch.inf_amd64_0fdf6ce291234272\igd12umd64.dll
0x00007ff886110000 - 0x00007ff887015000 	C:\Windows\System32\DriverStore\FileRepository\iigd_dch.inf_amd64_0fdf6ce291234272\igd12um64xel.dll
0x00007ff92c240000 - 0x00007ff92c3a7000 	C:\Windows\System32\CRYPT32.dll
0x00007ff92d5e0000 - 0x00007ff92d785000 	C:\Windows\System32\ole32.dll
0x00007ff8f60f0000 - 0x00007ff8f6135000 	C:\Windows\SYSTEM32\ControlLib.dll
0x00007ff91ea40000 - 0x00007ff91eacb000 	C:\Windows\System32\DriverStore\FileRepository\iigd_dch.inf_amd64_0fdf6ce291234272\IntelControlLib.dll
0x00007ff92e420000 - 0x00007ff92e894000 	C:\Windows\System32\SETUPAPI.dll
0x00007ff92be90000 - 0x00007ff92bebc000 	C:\Windows\SYSTEM32\DEVOBJ.dll
0x00007ff92c1d0000 - 0x00007ff92c23b000 	C:\Windows\System32\WINTRUST.dll
0x00007ff92bac0000 - 0x00007ff92bad2000 	C:\Windows\SYSTEM32\MSASN1.dll
0x00007ff9263a0000 - 0x00007ff9263ea000 	C:\Windows\SYSTEM32\directxdatabasehelper.dll
0x00007ff91e480000 - 0x00007ff91e8b8000 	C:\Windows\System32\DriverStore\FileRepository\iigd_dch.inf_amd64_0fdf6ce291234272\igdgmm64.dll
0x00007ff915fb0000 - 0x00007ff919e5d000 	C:\Windows\System32\DriverStore\FileRepository\iigd_dch.inf_amd64_0fdf6ce291234272\igc64.dll
0x00007ff8f5310000 - 0x00007ff8f533f000 	C:\Windows\SYSTEM32\D3DSCache.dll
0x00007ff92b6d0000 - 0x00007ff92b6f8000 	C:\Windows\SYSTEM32\USERENV.dll
0x00007ff8cb8d0000 - 0x00007ff8cbbcc000 	C:\Windows\System32\DriverStore\FileRepository\iigd_dch.inf_amd64_0fdf6ce291234272\igd12dxva64.dll
0x00007ff8b5410000 - 0x00007ff8b65f3000 	C:\Windows\System32\DriverStore\FileRepository\iigd_dch.inf_amd64_0fdf6ce291234272\igddxvacommon64.dll
0x00007ff8b36e0000 - 0x00007ff8b5401000 	C:\Windows\System32\DriverStore\FileRepository\iigd_dch.inf_amd64_0fdf6ce291234272\media_bin_64.dll
0x00007ff8c8d50000 - 0x00007ff8c8d77000 	C:\Windows\System32\DriverStore\FileRepository\iigd_dch.inf_amd64_0fdf6ce291234272\igdinfo64.dll
0x00007ff8f3fe0000 - 0x00007ff8f4022000 	C:\Users\HP\.openjfx\cache\21.0.2+5\amd64\glass.dll
0x00007ff92e100000 - 0x00007ff92e1f9000 	C:\Windows\System32\COMDLG32.dll
0x00007ff92d090000 - 0x00007ff92d1e3000 	C:\Windows\System32\MSCTF.dll
0x00007ff903290000 - 0x00007ff9032a4000 	C:\Users\HP\.openjfx\cache\21.0.2+5\amd64\javafx_font.dll
0x00007ff9279e0000 - 0x00007ff927c54000 	C:\Windows\SYSTEM32\dwrite.dll

dbghelp: loaded successfully - version: 4.0.5 - missing functions: none
symbol engine: initialized successfully - sym options: 0x614 - pdb path: .;C:\Program Files\Java\jdk-17\bin;C:\Windows\SYSTEM32;C:\Windows\WinSxS\amd64_microsoft.windows.common-controls_6595b64144ccf1df_6.0.22621.3235_none_270f74e173860f98;C:\Program Files\Java\jdk-17\bin\server;C:\Users\HP\.openjfx\cache\21.0.2+5\amd64;C:\Windows\System32\DriverStore\FileRepository\iigd_dch.inf_amd64_0fdf6ce291234272;C:\Program Files\Common Files\Microsoft Shared\Ink

VM Arguments:
jvm_args: --module-path=C:\Users\HP\Desktop\InnovatixPiDevJava\target\classes;C:\Users\HP\.m2\repository\org\openjfx\javafx-base\21.0.2\javafx-base-21.0.2-win.jar;C:\Users\HP\.m2\repository\org\openjfx\javafx-controls\21.0.2\javafx-controls-21.0.2-win.jar;C:\Users\HP\.m2\repository\org\openjfx\javafx-fxml\21.0.2\javafx-fxml-21.0.2-win.jar;C:\Users\HP\.m2\repository\org\openjfx\javafx-graphics\21.0.2\javafx-graphics-21.0.2-win.jar --add-modules=workshoppidev.JavaFX -Djdk.module.main=workshoppidev.JavaFX 
java_command: workshoppidev.JavaFX/tests.MainFX
java_class_path (initial): C:\Users\HP\.m2\repository\com\google\protobuf\protobuf-java\3.21.9\protobuf-java-3.21.9.jar;C:\Users\HP\.m2\repository\com\mysql\mysql-connector-j\8.2.0\mysql-connector-j-8.2.0.jar;C:\Users\HP\.m2\repository\de\jensd\fontawesomefx-commons\9.1.2\fontawesomefx-commons-9.1.2.jar;C:\Users\HP\.m2\repository\de\jensd\fontawesomefx-fontawesome\4.7.0-9.1.2\fontawesomefx-fontawesome-4.7.0-9.1.2.jar;C:\Users\HP\.m2\repository\org\openjfx\javafx-base\21.0.2\javafx-base-21.0.2.jar;C:\Users\HP\.m2\repository\org\openjfx\javafx-controls\21.0.2\javafx-controls-21.0.2.jar;C:\Users\HP\.m2\repository\org\openjfx\javafx-fxml\21.0.2\javafx-fxml-21.0.2.jar;C:\Users\HP\.m2\repository\org\openjfx\javafx-graphics\21.0.2\javafx-graphics-21.0.2.jar
Launcher Type: SUN_STANDARD

[Global flags]
     intx CICompilerCount                          = 12                                        {product} {ergonomic}
     uint ConcGCThreads                            = 4                                         {product} {ergonomic}
     uint G1ConcRefinementThreads                  = 15                                        {product} {ergonomic}
   size_t G1HeapRegionSize                         = 4194304                                   {product} {ergonomic}
    uintx GCDrainStackTargetSize                   = 64                                        {product} {ergonomic}
   size_t InitialHeapSize                          = 532676608                                 {product} {ergonomic}
   size_t MarkStackSize                            = 4194304                                   {product} {ergonomic}
   size_t MaxHeapSize                              = 8506048512                                {product} {ergonomic}
   size_t MaxNewSize                               = 5100273664                                {product} {ergonomic}
   size_t MinHeapDeltaBytes                        = 4194304                                   {product} {ergonomic}
   size_t MinHeapSize                              = 8388608                                   {product} {ergonomic}
    uintx NonNMethodCodeHeapSize                   = 7602480                                {pd product} {ergonomic}
    uintx NonProfiledCodeHeapSize                  = 122027880                              {pd product} {ergonomic}
    uintx ProfiledCodeHeapSize                     = 122027880                              {pd product} {ergonomic}
    uintx ReservedCodeCacheSize                    = 251658240                              {pd product} {ergonomic}
     bool SegmentedCodeCache                       = true                                      {product} {ergonomic}
   size_t SoftMaxHeapSize                          = 8506048512                             {manageable} {ergonomic}
     bool UseCompressedClassPointers               = true                           {product lp64_product} {ergonomic}
     bool UseCompressedOops                        = true                           {product lp64_product} {ergonomic}
     bool UseG1GC                                  = true                                      {product} {ergonomic}
     bool UseLargePagesIndividualAllocation        = false                                  {pd product} {ergonomic}

Logging:
Log output configuration:
 #0: stdout all=warning uptime,level,tags
 #1: stderr all=off uptime,level,tags

Environment Variables:
PATH=C:\Program Files\Common Files\Oracle\Java\javapath;C:\Program Files (x86)\Common Files\Oracle\Java\javapath;C:\oraclexe\app\oracle\product\11.2.0\server\bin;C:\Windows\system32;C:\Windows;C:\Windows\System32\Wbem;C:\Windows\System32\WindowsPowerShell\v1.0\;C:\Windows\System32\OpenSSH\;C:\xampp\php;C:\ProgramData\ComposerSetup\bin;C:\Program Files\Git\cmd;C:\Users\HP\.jdks\jbrsdk-17.0.9-1\bin;C:\Users\HP\.jdks\jbrsdk-17.0.9\bin;C:\Program Files\nodejs\;C:\Program Files\nodejs;C:\Users\HP\scoop\shims;C:\Users\HP\AppData\Local\Microsoft\WindowsApps;;C:\Users\HP\AppData\Local\Programs\Microsoft VS Code\bin;C:\Users\HP\AppData\Roaming\Composer\vendor\bin;C:\Program Files\JetBrains\PhpStorm 2023.3.3\bin;;C:\Users\HP\AppData\Roaming\npm
USERNAME=HP
OS=Windows_NT
PROCESSOR_IDENTIFIER=Intel64 Family 6 Model 154 Stepping 3, GenuineIntel



---------------  S Y S T E M  ---------------

OS:
 Windows 11 , 64 bit Build 22621 (10.0.22621.3374)
OS uptime: 0 days 9:42 hours
Hyper-V role detected

CPU: total 20 (initial active 20) (10 cores per cpu, 2 threads per core) family 6 model 154 stepping 3 microcode 0x42c, cx8, cmov, fxsr, ht, mmx, 3dnowpref, sse, sse2, sse3, ssse3, sse4.1, sse4.2, popcnt, lzcnt, tsc, tscinvbit, avx, avx2, aes, erms, clmul, bmi1, bmi2, adx, sha, fma, vzeroupper, clflush, clflushopt, clwb, hv

Memory: 4k page, system-wide physical 32435M (3438M free)
TotalPageFile size 46537M (AvailPageFile size 23M)
current process WorkingSet (physical memory assigned to process): 1208M, peak: 1208M
current process commit charge ("private bytes"): 1550M, peak: 1682M

vm_info: Java HotSpot(TM) 64-Bit Server VM (17.0.10+11-LTS-240) for windows-amd64 JRE (17.0.10+11-LTS-240), built on Dec 19 2023 21:47:25 by "mach5one" with MS VC++ 17.1 (VS2022)

END.
